mode: set
github.com/GrayCodeAI/sight/internal/context/git.go:22.43,24.26 2 0
github.com/GrayCodeAI/sight/internal/context/git.go:24.26,26.54 2 0
github.com/GrayCodeAI/sight/internal/context/git.go:26.54,28.4 1 0
github.com/GrayCodeAI/sight/internal/context/git.go:29.3,29.32 1 0
github.com/GrayCodeAI/sight/internal/context/git.go:31.2,31.16 1 0
github.com/GrayCodeAI/sight/internal/context/git.go:35.51,36.24 1 1
github.com/GrayCodeAI/sight/internal/context/git.go:36.24,38.3 1 1
github.com/GrayCodeAI/sight/internal/context/git.go:40.2,43.30 3 1
github.com/GrayCodeAI/sight/internal/context/git.go:43.30,44.33 1 1
github.com/GrayCodeAI/sight/internal/context/git.go:44.33,45.12 1 1
github.com/GrayCodeAI/sight/internal/context/git.go:47.3,48.38 2 1
github.com/GrayCodeAI/sight/internal/context/git.go:48.38,50.4 1 1
github.com/GrayCodeAI/sight/internal/context/git.go:51.3,51.28 1 1
github.com/GrayCodeAI/sight/internal/context/git.go:51.28,53.4 1 1
github.com/GrayCodeAI/sight/internal/context/git.go:54.3,54.22 1 1
github.com/GrayCodeAI/sight/internal/context/git.go:57.2,57.19 1 1
github.com/GrayCodeAI/sight/internal/context/git.go:61.44,63.16 2 0
github.com/GrayCodeAI/sight/internal/context/git.go:63.16,65.18 2 0
github.com/GrayCodeAI/sight/internal/context/git.go:65.18,67.4 1 0
github.com/GrayCodeAI/sight/internal/context/git.go:68.3,68.27 1 0
github.com/GrayCodeAI/sight/internal/context/git.go:70.2,70.25 1 0
github.com/GrayCodeAI/sight/internal/context/git.go:74.50,76.16 2 0
github.com/GrayCodeAI/sight/internal/context/git.go:76.16,78.3 1 0
github.com/GrayCodeAI/sight/internal/context/git.go:79.2,80.39 2 0
github.com/GrayCodeAI/sight/internal/context/git.go:80.39,82.3 1 0
github.com/GrayCodeAI/sight/internal/context/git.go:83.2,83.19 1 0
github.com/GrayCodeAI/sight/internal/context/git.go:87.65,88.47 1 0
github.com/GrayCodeAI/sight/internal/context/git.go:88.47,90.3 1 0
github.com/GrayCodeAI/sight/internal/context/git.go:92.2,97.16 3 0
github.com/GrayCodeAI/sight/internal/context/git.go:97.16,99.3 1 0
github.com/GrayCodeAI/sight/internal/context/git.go:101.2,101.44 1 0
github.com/GrayCodeAI/sight/internal/context/git.go:105.42,106.16 1 0
github.com/GrayCodeAI/sight/internal/context/git.go:106.16,108.3 1 0
github.com/GrayCodeAI/sight/internal/context/git.go:109.2,110.16 2 0
github.com/GrayCodeAI/sight/internal/context/git.go:110.16,112.3 1 0
github.com/GrayCodeAI/sight/internal/context/git.go:113.2,114.27 2 0
github.com/GrayCodeAI/sight/internal/context/git.go:114.27,116.3 1 0
github.com/GrayCodeAI/sight/internal/context/git.go:117.2,118.16 2 0
github.com/GrayCodeAI/sight/internal/context/git.go:118.16,120.3 1 0
github.com/GrayCodeAI/sight/internal/context/git.go:121.2,121.34 1 0
github.com/GrayCodeAI/sight/internal/context/git.go:121.34,123.3 1 0
github.com/GrayCodeAI/sight/internal/context/git.go:124.2,124.12 1 0
github.com/GrayCodeAI/sight/internal/context/git.go:127.58,128.47 1 0
github.com/GrayCodeAI/sight/internal/context/git.go:128.47,130.3 1 0
github.com/GrayCodeAI/sight/internal/context/git.go:131.2,132.16 2 0
github.com/GrayCodeAI/sight/internal/context/git.go:132.16,134.3 1 0
github.com/GrayCodeAI/sight/internal/context/git.go:135.2,136.16 2 0
github.com/GrayCodeAI/sight/internal/context/git.go:136.16,138.3 1 0
github.com/GrayCodeAI/sight/internal/context/git.go:139.2,139.39 1 0
github.com/GrayCodeAI/sight/internal/context/git.go:142.46,145.29 3 1
github.com/GrayCodeAI/sight/internal/context/git.go:145.29,146.41 1 1
github.com/GrayCodeAI/sight/internal/context/git.go:146.41,149.4 2 1
github.com/GrayCodeAI/sight/internal/context/git.go:151.2,151.23 1 1
github.com/GrayCodeAI/sight/internal/context/git.go:151.23,153.3 1 1
github.com/GrayCodeAI/sight/internal/context/git.go:154.2,155.37 2 1
github.com/GrayCodeAI/sight/internal/context/git.go:155.37,157.3 1 1
github.com/GrayCodeAI/sight/internal/context/git.go:158.2,158.34 1 1
github.com/GrayCodeAI/sight/internal/diff/diff.go:48.31,52.31 3 1
github.com/GrayCodeAI/sight/internal/diff/diff.go:52.31,54.22 2 1
github.com/GrayCodeAI/sight/internal/diff/diff.go:54.22,56.4 1 1
github.com/GrayCodeAI/sight/internal/diff/diff.go:59.2,59.14 1 1
github.com/GrayCodeAI/sight/internal/diff/diff.go:71.59,73.28 2 0
github.com/GrayCodeAI/sight/internal/diff/diff.go:73.28,74.19 1 0
github.com/GrayCodeAI/sight/internal/diff/diff.go:74.19,76.40 2 0
github.com/GrayCodeAI/sight/internal/diff/diff.go:76.40,78.5 1 0
github.com/GrayCodeAI/sight/internal/diff/diff.go:81.2,81.19 1 0
github.com/GrayCodeAI/sight/internal/diff/diff.go:84.39,89.29 4 1
github.com/GrayCodeAI/sight/internal/diff/diff.go:89.29,90.44 1 1
github.com/GrayCodeAI/sight/internal/diff/diff.go:90.44,91.24 1 1
github.com/GrayCodeAI/sight/internal/diff/diff.go:91.24,93.5 1 1
github.com/GrayCodeAI/sight/internal/diff/diff.go:94.4,94.28 1 1
github.com/GrayCodeAI/sight/internal/diff/diff.go:95.9,97.4 1 1
github.com/GrayCodeAI/sight/internal/diff/diff.go:99.2,99.22 1 1
github.com/GrayCodeAI/sight/internal/diff/diff.go:99.22,101.3 1 1
github.com/GrayCodeAI/sight/internal/diff/diff.go:103.2,103.15 1 1
github.com/GrayCodeAI/sight/internal/diff/diff.go:106.40,111.29 3 1
github.com/GrayCodeAI/sight/internal/diff/diff.go:111.29,112.82 1 1
github.com/GrayCodeAI/sight/internal/diff/diff.go:112.82,114.28 1 0
github.com/GrayCodeAI/sight/internal/diff/diff.go:114.28,115.39 1 0
github.com/GrayCodeAI/sight/internal/diff/diff.go:115.39,117.6 1 0
github.com/GrayCodeAI/sight/internal/diff/diff.go:117.11,117.46 1 0
github.com/GrayCodeAI/sight/internal/diff/diff.go:117.46,119.6 1 0
github.com/GrayCodeAI/sight/internal/diff/diff.go:121.4,121.45 1 0
github.com/GrayCodeAI/sight/internal/diff/diff.go:121.45,123.5 1 0
github.com/GrayCodeAI/sight/internal/diff/diff.go:124.4,124.15 1 0
github.com/GrayCodeAI/sight/internal/diff/diff.go:128.2,128.29 1 1
github.com/GrayCodeAI/sight/internal/diff/diff.go:128.29,129.10 1 1
github.com/GrayCodeAI/sight/internal/diff/diff.go:130.42,131.53 1 1
github.com/GrayCodeAI/sight/internal/diff/diff.go:132.49,133.21 1 1
github.com/GrayCodeAI/sight/internal/diff/diff.go:134.42,135.50 1 1
github.com/GrayCodeAI/sight/internal/diff/diff.go:136.49,137.23 1 1
github.com/GrayCodeAI/sight/internal/diff/diff.go:138.48,140.23 2 1
github.com/GrayCodeAI/sight/internal/diff/diff.go:141.46,142.54 1 1
github.com/GrayCodeAI/sight/internal/diff/diff.go:143.38,146.88 2 1
github.com/GrayCodeAI/sight/internal/diff/diff.go:146.88,147.13 1 0
github.com/GrayCodeAI/sight/internal/diff/diff.go:149.4,150.41 2 1
github.com/GrayCodeAI/sight/internal/diff/diff.go:154.2,154.43 1 1
github.com/GrayCodeAI/sight/internal/diff/diff.go:154.43,156.3 1 1
github.com/GrayCodeAI/sight/internal/diff/diff.go:158.2,158.13 1 1
github.com/GrayCodeAI/sight/internal/diff/diff.go:161.40,166.20 3 1
github.com/GrayCodeAI/sight/internal/diff/diff.go:166.20,168.3 1 0
github.com/GrayCodeAI/sight/internal/diff/diff.go:170.2,173.27 3 1
github.com/GrayCodeAI/sight/internal/diff/diff.go:173.27,174.32 1 1
github.com/GrayCodeAI/sight/internal/diff/diff.go:174.32,178.4 3 1
github.com/GrayCodeAI/sight/internal/diff/diff.go:178.9,178.39 1 1
github.com/GrayCodeAI/sight/internal/diff/diff.go:178.39,182.4 3 1
github.com/GrayCodeAI/sight/internal/diff/diff.go:185.2,185.21 1 1
github.com/GrayCodeAI/sight/internal/diff/diff.go:185.21,187.3 1 1
github.com/GrayCodeAI/sight/internal/diff/diff.go:189.2,189.13 1 1
github.com/GrayCodeAI/sight/internal/diff/diff.go:192.38,196.21 4 1
github.com/GrayCodeAI/sight/internal/diff/diff.go:196.21,198.3 1 1
github.com/GrayCodeAI/sight/internal/diff/diff.go:199.2,199.21 1 1
github.com/GrayCodeAI/sight/internal/diff/diff.go:202.44,207.29 4 1
github.com/GrayCodeAI/sight/internal/diff/diff.go:207.29,208.77 1 1
github.com/GrayCodeAI/sight/internal/diff/diff.go:208.77,209.9 1 1
github.com/GrayCodeAI/sight/internal/diff/diff.go:212.3,212.10 1 1
github.com/GrayCodeAI/sight/internal/diff/diff.go:213.37,219.6 2 1
github.com/GrayCodeAI/sight/internal/diff/diff.go:220.37,226.6 2 1
github.com/GrayCodeAI/sight/internal/diff/diff.go:227.37,235.6 3 1
github.com/GrayCodeAI/sight/internal/diff/diff.go:236.11,237.45 1 1
github.com/GrayCodeAI/sight/internal/diff/diff.go:237.45,238.13 1 0
github.com/GrayCodeAI/sight/internal/diff/diff.go:240.4,247.6 3 1
github.com/GrayCodeAI/sight/internal/diff/diff.go:251.2,251.15 1 1
github.com/GrayCodeAI/sight/internal/diff/diff.go:255.35,257.26 2 1
github.com/GrayCodeAI/sight/internal/diff/diff.go:257.26,258.29 1 1
github.com/GrayCodeAI/sight/internal/diff/diff.go:258.29,259.30 1 1
github.com/GrayCodeAI/sight/internal/diff/diff.go:259.30,260.19 1 1
github.com/GrayCodeAI/sight/internal/diff/diff.go:261.20,262.13 1 1
github.com/GrayCodeAI/sight/internal/diff/diff.go:263.22,264.15 1 1
github.com/GrayCodeAI/sight/internal/diff/diff.go:269.2,269.103 1 1
github.com/GrayCodeAI/sight/checks.go:41.52,43.16 2 1
github.com/GrayCodeAI/sight/checks.go:43.16,44.25 1 1
github.com/GrayCodeAI/sight/checks.go:44.25,46.4 1 1
github.com/GrayCodeAI/sight/checks.go:47.3,47.18 1 0
github.com/GrayCodeAI/sight/checks.go:50.2,51.32 2 1
github.com/GrayCodeAI/sight/checks.go:51.32,52.20 1 1
github.com/GrayCodeAI/sight/checks.go:52.20,53.12 1 0
github.com/GrayCodeAI/sight/checks.go:55.3,55.46 1 1
github.com/GrayCodeAI/sight/checks.go:55.46,56.12 1 1
github.com/GrayCodeAI/sight/checks.go:59.3,61.17 3 1
github.com/GrayCodeAI/sight/checks.go:61.17,62.12 1 0
github.com/GrayCodeAI/sight/checks.go:65.3,67.33 3 1
github.com/GrayCodeAI/sight/checks.go:70.2,70.20 1 1
github.com/GrayCodeAI/sight/checks.go:75.64,77.2 1 1
github.com/GrayCodeAI/sight/checks.go:82.68,84.27 2 1
github.com/GrayCodeAI/sight/checks.go:84.27,85.17 1 1
github.com/GrayCodeAI/sight/checks.go:85.17,86.12 1 1
github.com/GrayCodeAI/sight/checks.go:88.3,89.27 2 1
github.com/GrayCodeAI/sight/checks.go:89.27,92.4 1 0
github.com/GrayCodeAI/sight/checks.go:93.3,93.23 1 1
github.com/GrayCodeAI/sight/checks.go:93.23,95.4 1 1
github.com/GrayCodeAI/sight/checks.go:96.3,99.5 1 1
github.com/GrayCodeAI/sight/checks.go:101.2,101.17 1 1
github.com/GrayCodeAI/sight/checks.go:108.42,109.33 1 0
github.com/GrayCodeAI/sight/checks.go:109.33,111.37 2 0
github.com/GrayCodeAI/sight/checks.go:111.37,113.4 1 0
github.com/GrayCodeAI/sight/checks.go:114.3,115.36 2 0
github.com/GrayCodeAI/sight/checks.go:115.36,117.4 1 0
github.com/GrayCodeAI/sight/checks.go:118.3,118.59 1 0
github.com/GrayCodeAI/sight/checks.go:123.54,125.2 1 0
github.com/GrayCodeAI/sight/checks.go:130.55,140.39 3 1
github.com/GrayCodeAI/sight/checks.go:140.39,142.22 2 1
github.com/GrayCodeAI/sight/checks.go:142.22,145.4 2 1
github.com/GrayCodeAI/sight/checks.go:148.2,149.14 2 1
github.com/GrayCodeAI/sight/checks.go:154.54,155.47 1 1
github.com/GrayCodeAI/sight/checks.go:155.47,157.49 2 1
github.com/GrayCodeAI/sight/checks.go:157.49,158.12 1 0
github.com/GrayCodeAI/sight/checks.go:161.3,162.22 2 1
github.com/GrayCodeAI/sight/checks.go:162.22,163.12 1 0
github.com/GrayCodeAI/sight/checks.go:165.3,168.14 3 1
github.com/GrayCodeAI/sight/checks.go:169.19,171.17 2 1
github.com/GrayCodeAI/sight/checks.go:172.53,173.27 1 1
github.com/GrayCodeAI/sight/checks.go:175.20,177.28 2 1
github.com/GrayCodeAI/sight/checks.go:177.28,180.16 3 1
github.com/GrayCodeAI/sight/checks.go:180.16,182.6 1 1
github.com/GrayCodeAI/sight/checks.go:184.18,185.53 1 1
github.com/GrayCodeAI/sight/config.go:25.54,27.16 2 1
github.com/GrayCodeAI/sight/config.go:27.16,29.3 1 1
github.com/GrayCodeAI/sight/config.go:31.2,32.16 2 1
github.com/GrayCodeAI/sight/config.go:32.16,34.3 1 0
github.com/GrayCodeAI/sight/config.go:36.2,36.38 1 1
github.com/GrayCodeAI/sight/config.go:40.47,41.15 1 1
github.com/GrayCodeAI/sight/config.go:41.15,43.3 1 1
github.com/GrayCodeAI/sight/config.go:45.2,47.20 2 1
github.com/GrayCodeAI/sight/config.go:47.20,49.3 1 1
github.com/GrayCodeAI/sight/config.go:50.2,50.26 1 1
github.com/GrayCodeAI/sight/config.go:50.26,52.3 1 1
github.com/GrayCodeAI/sight/config.go:53.2,53.21 1 1
github.com/GrayCodeAI/sight/config.go:53.21,55.3 1 1
github.com/GrayCodeAI/sight/config.go:56.2,56.22 1 1
github.com/GrayCodeAI/sight/config.go:56.22,58.3 1 1
github.com/GrayCodeAI/sight/config.go:59.2,59.26 1 1
github.com/GrayCodeAI/sight/config.go:59.26,61.3 1 1
github.com/GrayCodeAI/sight/config.go:62.2,62.26 1 1
github.com/GrayCodeAI/sight/config.go:62.26,64.3 1 1
github.com/GrayCodeAI/sight/config.go:65.2,65.24 1 1
github.com/GrayCodeAI/sight/config.go:65.24,67.3 1 1
github.com/GrayCodeAI/sight/config.go:68.2,68.25 1 1
github.com/GrayCodeAI/sight/config.go:68.25,70.3 1 1
github.com/GrayCodeAI/sight/config.go:72.2,72.13 1 1
github.com/GrayCodeAI/sight/config.go:75.40,78.6 2 1
github.com/GrayCodeAI/sight/config.go:78.6,79.30 1 1
github.com/GrayCodeAI/sight/config.go:79.30,81.43 2 1
github.com/GrayCodeAI/sight/config.go:81.43,83.5 1 1
github.com/GrayCodeAI/sight/config.go:85.3,86.20 2 1
github.com/GrayCodeAI/sight/config.go:86.20,87.9 1 1
github.com/GrayCodeAI/sight/config.go:89.3,89.15 1 1
github.com/GrayCodeAI/sight/config.go:91.2,91.11 1 1
github.com/GrayCodeAI/sight/config.go:96.59,102.52 3 1
github.com/GrayCodeAI/sight/config.go:102.52,104.49 2 1
github.com/GrayCodeAI/sight/config.go:104.49,105.12 1 1
github.com/GrayCodeAI/sight/config.go:108.3,108.67 1 1
github.com/GrayCodeAI/sight/config.go:108.67,110.12 2 1
github.com/GrayCodeAI/sight/config.go:113.3,114.10 2 1
github.com/GrayCodeAI/sight/config.go:114.10,115.12 1 1
github.com/GrayCodeAI/sight/config.go:118.3,118.27 1 1
github.com/GrayCodeAI/sight/config.go:118.27,120.12 2 1
github.com/GrayCodeAI/sight/config.go:123.3,123.14 1 1
github.com/GrayCodeAI/sight/config.go:124.16,125.21 1 1
github.com/GrayCodeAI/sight/config.go:126.19,127.40 1 1
github.com/GrayCodeAI/sight/config.go:128.18,129.22 1 1
github.com/GrayCodeAI/sight/config.go:130.21,131.35 1 1
github.com/GrayCodeAI/sight/config.go:131.35,133.5 1 1
github.com/GrayCodeAI/sight/config.go:134.18,135.39 1 1
github.com/GrayCodeAI/sight/config.go:136.22,138.23 2 1
github.com/GrayCodeAI/sight/config.go:139.21,141.23 2 1
github.com/GrayCodeAI/sight/config.go:142.19,144.21 2 1
github.com/GrayCodeAI/sight/config.go:148.2,148.17 1 1
github.com/GrayCodeAI/sight/config.go:153.66,155.13 2 1
github.com/GrayCodeAI/sight/config.go:155.13,157.3 1 1
github.com/GrayCodeAI/sight/config.go:158.2,161.21 3 1
github.com/GrayCodeAI/sight/config.go:161.21,163.54 1 1
github.com/GrayCodeAI/sight/config.go:163.54,165.4 1 1
github.com/GrayCodeAI/sight/config.go:167.2,167.30 1 1
github.com/GrayCodeAI/sight/config.go:170.40,174.26 4 1
github.com/GrayCodeAI/sight/config.go:174.26,177.14 3 1
github.com/GrayCodeAI/sight/config.go:177.14,179.4 1 1
github.com/GrayCodeAI/sight/config.go:181.2,181.15 1 1
github.com/GrayCodeAI/sight/config.go:187.29,189.13 2 1
github.com/GrayCodeAI/sight/config.go:189.13,191.3 1 1
github.com/GrayCodeAI/sight/config.go:193.2,194.53 2 1
github.com/GrayCodeAI/sight/config.go:194.53,196.3 1 1
github.com/GrayCodeAI/sight/config.go:197.2,197.14 1 1
github.com/GrayCodeAI/sight/config.go:197.14,199.3 1 1
github.com/GrayCodeAI/sight/config.go:200.2,201.16 2 1
github.com/GrayCodeAI/sight/config.go:201.16,203.3 1 0
github.com/GrayCodeAI/sight/config.go:204.2,204.28 1 1
github.com/GrayCodeAI/sight/config.go:204.28,206.3 1 0
github.com/GrayCodeAI/sight/config.go:207.2,207.10 1 1
github.com/GrayCodeAI/sight/describe.go:23.90,25.25 2 1
github.com/GrayCodeAI/sight/describe.go:25.25,27.3 1 1
github.com/GrayCodeAI/sight/describe.go:28.2,28.19 1 1
github.com/GrayCodeAI/sight/describe.go:28.19,30.3 1 1
github.com/GrayCodeAI/sight/describe.go:32.2,33.21 2 1
github.com/GrayCodeAI/sight/describe.go:33.21,35.3 1 1
github.com/GrayCodeAI/sight/describe.go:37.2,47.16 3 1
github.com/GrayCodeAI/sight/describe.go:47.16,49.3 1 1
github.com/GrayCodeAI/sight/describe.go:51.2,51.51 1 1
github.com/GrayCodeAI/sight/describe.go:73.67,80.26 6 1
github.com/GrayCodeAI/sight/describe.go:80.26,82.14 2 1
github.com/GrayCodeAI/sight/describe.go:82.14,84.4 1 0
github.com/GrayCodeAI/sight/describe.go:84.9,84.23 1 1
github.com/GrayCodeAI/sight/describe.go:84.23,86.4 1 0
github.com/GrayCodeAI/sight/describe.go:86.9,86.23 1 1
github.com/GrayCodeAI/sight/describe.go:86.23,88.4 1 0
github.com/GrayCodeAI/sight/describe.go:89.3,89.47 1 1
github.com/GrayCodeAI/sight/describe.go:94.2,102.26 7 1
github.com/GrayCodeAI/sight/describe.go:102.26,103.16 1 1
github.com/GrayCodeAI/sight/describe.go:103.16,104.12 1 0
github.com/GrayCodeAI/sight/describe.go:106.3,108.29 3 1
github.com/GrayCodeAI/sight/describe.go:108.29,109.30 1 1
github.com/GrayCodeAI/sight/describe.go:109.30,110.19 1 1
github.com/GrayCodeAI/sight/describe.go:111.25,112.53 1 1
github.com/GrayCodeAI/sight/describe.go:113.27,114.53 1 1
github.com/GrayCodeAI/sight/describe.go:115.27,116.53 1 1
github.com/GrayCodeAI/sight/describe.go:121.3,123.65 3 1
github.com/GrayCodeAI/sight/describe.go:123.65,125.9 2 0
github.com/GrayCodeAI/sight/describe.go:127.3,127.48 1 1
github.com/GrayCodeAI/sight/describe.go:130.2,131.15 2 1
github.com/GrayCodeAI/sight/describe.go:131.15,133.3 1 0
github.com/GrayCodeAI/sight/describe.go:135.2,136.19 2 1
github.com/GrayCodeAI/sight/describe.go:139.72,143.19 3 1
github.com/GrayCodeAI/sight/describe.go:143.19,144.83 1 1
github.com/GrayCodeAI/sight/describe.go:144.83,146.4 1 1
github.com/GrayCodeAI/sight/describe.go:150.2,154.13 5 1
github.com/GrayCodeAI/sight/describe.go:157.41,160.36 2 1
github.com/GrayCodeAI/sight/describe.go:160.36,162.22 2 1
github.com/GrayCodeAI/sight/describe.go:162.22,164.17 2 1
github.com/GrayCodeAI/sight/describe.go:164.17,166.5 1 1
github.com/GrayCodeAI/sight/describe.go:166.10,168.5 1 0
github.com/GrayCodeAI/sight/describe.go:170.8,170.39 1 1
github.com/GrayCodeAI/sight/describe.go:170.39,172.22 2 1
github.com/GrayCodeAI/sight/describe.go:172.22,174.51 2 1
github.com/GrayCodeAI/sight/describe.go:174.51,176.5 1 1
github.com/GrayCodeAI/sight/describe.go:177.4,178.17 2 1
github.com/GrayCodeAI/sight/describe.go:178.17,180.5 1 1
github.com/GrayCodeAI/sight/describe.go:184.2,185.17 2 1
github.com/GrayCodeAI/sight/describe.go:185.17,187.3 1 1
github.com/GrayCodeAI/sight/describe.go:188.2,189.31 2 1
github.com/GrayCodeAI/sight/describe.go:189.31,191.3 1 0
github.com/GrayCodeAI/sight/describe.go:192.2,192.25 1 1
github.com/GrayCodeAI/sight/eval.go:48.91,49.43 1 1
github.com/GrayCodeAI/sight/eval.go:49.43,51.3 1 1
github.com/GrayCodeAI/sight/eval.go:53.2,55.33 2 1
github.com/GrayCodeAI/sight/eval.go:55.33,56.23 1 1
github.com/GrayCodeAI/sight/eval.go:56.23,58.4 1 1
github.com/GrayCodeAI/sight/eval.go:60.3,63.17 3 1
github.com/GrayCodeAI/sight/eval.go:63.17,66.12 3 0
github.com/GrayCodeAI/sight/eval.go:69.3,72.41 2 1
github.com/GrayCodeAI/sight/eval.go:72.41,73.53 1 1
github.com/GrayCodeAI/sight/eval.go:73.53,76.5 1 1
github.com/GrayCodeAI/sight/eval.go:80.3,80.40 1 1
github.com/GrayCodeAI/sight/eval.go:80.40,81.48 1 1
github.com/GrayCodeAI/sight/eval.go:81.48,84.5 1 1
github.com/GrayCodeAI/sight/eval.go:87.3,88.32 2 1
github.com/GrayCodeAI/sight/eval.go:91.2,91.21 1 1
github.com/GrayCodeAI/sight/eval.go:95.53,97.16 2 1
github.com/GrayCodeAI/sight/eval.go:97.16,99.3 1 1
github.com/GrayCodeAI/sight/eval.go:100.2,100.29 1 1
github.com/GrayCodeAI/sight/eval.go:104.54,106.53 2 1
github.com/GrayCodeAI/sight/eval.go:106.53,108.3 1 1
github.com/GrayCodeAI/sight/eval.go:109.2,109.20 1 1
github.com/GrayCodeAI/sight/eval.go:113.75,114.28 1 1
github.com/GrayCodeAI/sight/eval.go:114.28,115.15 1 1
github.com/GrayCodeAI/sight/eval.go:115.15,117.4 1 1
github.com/GrayCodeAI/sight/eval.go:117.9,119.4 1 1
github.com/GrayCodeAI/sight/eval.go:121.2,122.15 2 1
github.com/GrayCodeAI/sight/eval.go:122.15,124.3 1 1
github.com/GrayCodeAI/sight/eval.go:125.2,125.8 1 1
github.com/GrayCodeAI/sight/eval.go:130.69,131.29 1 1
github.com/GrayCodeAI/sight/eval.go:131.29,132.39 1 1
github.com/GrayCodeAI/sight/eval.go:132.39,134.4 1 1
github.com/GrayCodeAI/sight/eval.go:136.2,136.14 1 1
github.com/GrayCodeAI/sight/eval.go:139.68,140.69 1 1
github.com/GrayCodeAI/sight/eval.go:140.69,142.3 1 0
github.com/GrayCodeAI/sight/eval.go:143.2,143.27 1 1
github.com/GrayCodeAI/sight/eval.go:143.27,145.34 2 1
github.com/GrayCodeAI/sight/eval.go:145.34,147.4 1 1
github.com/GrayCodeAI/sight/eval.go:149.2,150.69 1 1
github.com/GrayCodeAI/sight/eval.go:150.69,152.3 1 1
github.com/GrayCodeAI/sight/eval.go:153.2,153.60 1 1
github.com/GrayCodeAI/sight/eval.go:153.60,155.3 1 0
github.com/GrayCodeAI/sight/eval.go:156.2,156.13 1 1
github.com/GrayCodeAI/sight/eval.go:160.60,161.29 1 1
github.com/GrayCodeAI/sight/eval.go:161.29,162.35 1 1
github.com/GrayCodeAI/sight/eval.go:162.35,164.4 1 1
github.com/GrayCodeAI/sight/eval.go:166.2,166.14 1 1
github.com/GrayCodeAI/sight/eval.go:169.59,170.71 1 1
github.com/GrayCodeAI/sight/eval.go:170.71,172.3 1 1
github.com/GrayCodeAI/sight/eval.go:173.2,174.70 1 1
github.com/GrayCodeAI/sight/eval.go:174.70,176.3 1 1
github.com/GrayCodeAI/sight/eval.go:177.2,177.13 1 1
github.com/GrayCodeAI/sight/eval.go:180.54,182.23 2 1
github.com/GrayCodeAI/sight/eval.go:182.23,184.3 1 0
github.com/GrayCodeAI/sight/eval.go:185.2,185.27 1 1
github.com/GrayCodeAI/sight/eval.go:185.27,187.3 1 1
github.com/GrayCodeAI/sight/eval.go:188.2,188.31 1 1
github.com/GrayCodeAI/sight/eval.go:188.31,190.3 1 1
github.com/GrayCodeAI/sight/eval.go:191.2,191.20 1 1
github.com/GrayCodeAI/sight/eval.go:191.20,193.3 1 0
github.com/GrayCodeAI/sight/eval.go:194.2,194.21 1 1
github.com/GrayCodeAI/sight/eval.go:194.21,196.3 1 0
github.com/GrayCodeAI/sight/eval.go:197.2,197.46 1 1
github.com/GrayCodeAI/sight/eval.go:200.45,202.24 2 1
github.com/GrayCodeAI/sight/eval.go:202.24,204.3 1 0
github.com/GrayCodeAI/sight/eval.go:205.2,205.32 1 1
github.com/GrayCodeAI/sight/eval.go:205.32,207.3 1 1
github.com/GrayCodeAI/sight/eval.go:208.2,208.21 1 1
github.com/GrayCodeAI/sight/eval.go:208.21,210.3 1 0
github.com/GrayCodeAI/sight/eval.go:211.2,211.46 1 1
github.com/GrayCodeAI/sight/filter.go:17.41,24.2 1 0
github.com/GrayCodeAI/sight/filter.go:34.90,36.21 1 0
github.com/GrayCodeAI/sight/filter.go:36.21,38.3 1 0
github.com/GrayCodeAI/sight/filter.go:40.2,43.29 3 0
github.com/GrayCodeAI/sight/filter.go:43.29,44.45 1 0
github.com/GrayCodeAI/sight/filter.go:44.45,46.4 1 0
github.com/GrayCodeAI/sight/filter.go:46.9,48.4 1 0
github.com/GrayCodeAI/sight/filter.go:51.2,51.24 1 0
github.com/GrayCodeAI/sight/filter.go:51.24,53.3 1 0
github.com/GrayCodeAI/sight/filter.go:55.2,60.35 5 0
github.com/GrayCodeAI/sight/filter.go:60.35,62.31 2 0
github.com/GrayCodeAI/sight/filter.go:62.31,66.17 3 0
github.com/GrayCodeAI/sight/filter.go:66.17,66.26 1 0
github.com/GrayCodeAI/sight/filter.go:68.4,68.24 1 0
github.com/GrayCodeAI/sight/filter.go:68.24,70.5 1 0
github.com/GrayCodeAI/sight/filter.go:72.4,75.15 4 0
github.com/GrayCodeAI/sight/filter.go:79.2,81.22 2 0
github.com/GrayCodeAI/sight/filter.go:81.22,83.3 1 0
github.com/GrayCodeAI/sight/filter.go:85.2,88.28 3 0
github.com/GrayCodeAI/sight/filter.go:88.28,89.64 1 0
github.com/GrayCodeAI/sight/filter.go:89.64,91.4 1 0
github.com/GrayCodeAI/sight/filter.go:94.2,94.32 1 0
github.com/GrayCodeAI/sight/filter.go:97.118,99.45 2 0
github.com/GrayCodeAI/sight/filter.go:99.45,102.16 3 0
github.com/GrayCodeAI/sight/filter.go:102.16,104.4 1 0
github.com/GrayCodeAI/sight/filter.go:105.3,106.23 2 0
github.com/GrayCodeAI/sight/filter.go:106.23,108.4 1 0
github.com/GrayCodeAI/sight/filter.go:109.3,109.53 1 0
github.com/GrayCodeAI/sight/filter.go:112.2,131.16 4 0
github.com/GrayCodeAI/sight/filter.go:131.16,133.3 1 0
github.com/GrayCodeAI/sight/filter.go:135.2,135.45 1 0
github.com/GrayCodeAI/sight/filter.go:138.67,142.91 3 0
github.com/GrayCodeAI/sight/filter.go:142.91,144.3 1 0
github.com/GrayCodeAI/sight/filter.go:146.2,147.58 2 0
github.com/GrayCodeAI/sight/filter.go:147.58,150.81 3 0
github.com/GrayCodeAI/sight/filter.go:150.81,152.4 1 0
github.com/GrayCodeAI/sight/filter.go:155.2,156.57 2 0
github.com/GrayCodeAI/sight/filter.go:156.57,158.55 2 0
github.com/GrayCodeAI/sight/filter.go:158.55,160.4 1 0
github.com/GrayCodeAI/sight/filter.go:163.2,168.3 1 0
github.com/GrayCodeAI/sight/improve.go:33.91,35.25 2 1
github.com/GrayCodeAI/sight/improve.go:35.25,37.3 1 1
github.com/GrayCodeAI/sight/improve.go:38.2,38.19 1 1
github.com/GrayCodeAI/sight/improve.go:38.19,40.3 1 1
github.com/GrayCodeAI/sight/improve.go:42.2,43.21 2 1
github.com/GrayCodeAI/sight/improve.go:43.21,45.3 1 1
github.com/GrayCodeAI/sight/improve.go:48.2,61.16 5 1
github.com/GrayCodeAI/sight/improve.go:61.16,63.3 1 1
github.com/GrayCodeAI/sight/improve.go:65.2,69.8 2 1
github.com/GrayCodeAI/sight/improve.go:104.51,108.26 3 1
github.com/GrayCodeAI/sight/improve.go:108.26,109.16 1 1
github.com/GrayCodeAI/sight/improve.go:109.16,110.12 1 0
github.com/GrayCodeAI/sight/improve.go:112.3,113.29 2 1
github.com/GrayCodeAI/sight/improve.go:113.29,115.30 2 1
github.com/GrayCodeAI/sight/improve.go:115.30,116.19 1 1
github.com/GrayCodeAI/sight/improve.go:117.25,118.43 1 1
github.com/GrayCodeAI/sight/improve.go:119.27,120.43 1 1
github.com/GrayCodeAI/sight/improve.go:121.27,122.43 1 1
github.com/GrayCodeAI/sight/improve.go:127.2,128.19 2 1
github.com/GrayCodeAI/sight/improve.go:131.55,133.19 2 1
github.com/GrayCodeAI/sight/improve.go:133.19,135.3 1 1
github.com/GrayCodeAI/sight/improve.go:137.2,138.71 2 1
github.com/GrayCodeAI/sight/improve.go:138.71,140.3 1 0
github.com/GrayCodeAI/sight/improve.go:143.2,144.35 2 1
github.com/GrayCodeAI/sight/improve.go:144.35,145.65 1 1
github.com/GrayCodeAI/sight/improve.go:145.65,147.4 1 1
github.com/GrayCodeAI/sight/improve.go:149.2,149.14 1 1
github.com/GrayCodeAI/sight/improve.go:155.77,156.22 1 1
github.com/GrayCodeAI/sight/improve.go:156.22,158.3 1 0
github.com/GrayCodeAI/sight/improve.go:160.2,162.20 3 1
github.com/GrayCodeAI/sight/improve.go:162.20,164.3 1 0
github.com/GrayCodeAI/sight/improve.go:166.2,168.26 3 1
github.com/GrayCodeAI/sight/improve.go:168.26,169.16 1 1
github.com/GrayCodeAI/sight/improve.go:169.16,170.12 1 0
github.com/GrayCodeAI/sight/improve.go:172.3,173.62 2 1
github.com/GrayCodeAI/sight/improve.go:173.62,174.9 1 0
github.com/GrayCodeAI/sight/improve.go:176.3,177.30 2 1
github.com/GrayCodeAI/sight/improve.go:179.2,179.40 1 1
github.com/GrayCodeAI/sight/improve.go:179.40,182.3 1 0
github.com/GrayCodeAI/sight/improve.go:183.2,183.15 1 1
github.com/GrayCodeAI/sight/improve.go:187.48,189.28 2 1
github.com/GrayCodeAI/sight/improve.go:189.28,191.29 2 1
github.com/GrayCodeAI/sight/improve.go:191.29,193.4 1 1
github.com/GrayCodeAI/sight/improve.go:195.2,195.15 1 1
github.com/GrayCodeAI/sight/improve.go:198.40,201.36 2 1
github.com/GrayCodeAI/sight/improve.go:201.36,203.22 2 1
github.com/GrayCodeAI/sight/improve.go:203.22,205.17 2 1
github.com/GrayCodeAI/sight/improve.go:205.17,207.5 1 1
github.com/GrayCodeAI/sight/improve.go:207.10,209.5 1 0
github.com/GrayCodeAI/sight/improve.go:211.8,211.39 1 1
github.com/GrayCodeAI/sight/improve.go:211.39,213.22 2 1
github.com/GrayCodeAI/sight/improve.go:213.22,215.51 2 1
github.com/GrayCodeAI/sight/improve.go:215.51,217.5 1 1
github.com/GrayCodeAI/sight/improve.go:218.4,219.17 2 1
github.com/GrayCodeAI/sight/improve.go:219.17,221.5 1 1
github.com/GrayCodeAI/sight/improve.go:225.2,226.17 2 1
github.com/GrayCodeAI/sight/improve.go:226.17,228.3 1 1
github.com/GrayCodeAI/sight/improve.go:229.2,230.31 2 1
github.com/GrayCodeAI/sight/improve.go:230.31,232.3 1 0
github.com/GrayCodeAI/sight/improve.go:233.2,233.25 1 1
github.com/GrayCodeAI/sight/incremental.go:21.60,23.2 1 1
github.com/GrayCodeAI/sight/incremental.go:26.53,30.2 3 1
github.com/GrayCodeAI/sight/incremental.go:33.59,37.2 3 1
github.com/GrayCodeAI/sight/incremental.go:47.122,48.18 1 0
github.com/GrayCodeAI/sight/incremental.go:48.18,49.50 1 0
github.com/GrayCodeAI/sight/incremental.go:49.50,51.4 1 0
github.com/GrayCodeAI/sight/incremental.go:54.2,55.16 2 0
github.com/GrayCodeAI/sight/incremental.go:55.16,57.3 1 0
github.com/GrayCodeAI/sight/incremental.go:59.2,59.39 1 0
github.com/GrayCodeAI/sight/incremental.go:59.39,61.19 2 0
github.com/GrayCodeAI/sight/incremental.go:61.19,63.4 1 0
github.com/GrayCodeAI/sight/incremental.go:64.3,64.21 1 0
github.com/GrayCodeAI/sight/incremental.go:67.2,69.16 3 0
github.com/GrayCodeAI/sight/incremental.go:69.16,71.3 1 0
github.com/GrayCodeAI/sight/incremental.go:73.2,73.18 1 0
github.com/GrayCodeAI/sight/incremental.go:73.18,75.3 1 0
github.com/GrayCodeAI/sight/incremental.go:77.2,77.20 1 0
github.com/GrayCodeAI/sight/incremental.go:81.75,83.34 1 0
github.com/GrayCodeAI/sight/incremental.go:83.34,87.3 3 0
github.com/GrayCodeAI/sight/incremental.go:90.2,91.16 2 0
github.com/GrayCodeAI/sight/incremental.go:91.16,93.3 1 0
github.com/GrayCodeAI/sight/incremental.go:96.2,97.16 2 0
github.com/GrayCodeAI/sight/incremental.go:97.16,99.3 1 0
github.com/GrayCodeAI/sight/incremental.go:100.2,100.25 1 0
github.com/GrayCodeAI/sight/multi_concern.go:23.38,62.2 1 0
github.com/GrayCodeAI/sight/multi_concern.go:64.74,68.32 3 0
github.com/GrayCodeAI/sight/multi_concern.go:68.32,69.17 1 0
github.com/GrayCodeAI/sight/multi_concern.go:69.17,70.12 1 0
github.com/GrayCodeAI/sight/multi_concern.go:73.3,73.17 1 0
github.com/GrayCodeAI/sight/multi_concern.go:74.24,75.38 1 0
github.com/GrayCodeAI/sight/multi_concern.go:75.38,77.5 1 0
github.com/GrayCodeAI/sight/multi_concern.go:78.28,79.58 1 0
github.com/GrayCodeAI/sight/multi_concern.go:79.58,81.5 1 0
github.com/GrayCodeAI/sight/multi_concern.go:82.27,83.41 1 0
github.com/GrayCodeAI/sight/multi_concern.go:83.41,85.5 1 0
github.com/GrayCodeAI/sight/multi_concern.go:86.11,87.36 1 0
github.com/GrayCodeAI/sight/multi_concern.go:91.2,91.25 1 0
github.com/GrayCodeAI/sight/multi_concern.go:91.25,92.33 1 0
github.com/GrayCodeAI/sight/multi_concern.go:92.33,93.87 1 0
github.com/GrayCodeAI/sight/multi_concern.go:93.87,95.5 1 0
github.com/GrayCodeAI/sight/multi_concern.go:99.2,99.18 1 0
github.com/GrayCodeAI/sight/multi_concern.go:102.48,106.28 2 0
github.com/GrayCodeAI/sight/multi_concern.go:106.28,107.32 1 0
github.com/GrayCodeAI/sight/multi_concern.go:107.32,109.4 1 0
github.com/GrayCodeAI/sight/multi_concern.go:111.2,111.14 1 0
github.com/GrayCodeAI/sight/multi_concern.go:114.40,117.29 3 0
github.com/GrayCodeAI/sight/multi_concern.go:117.29,118.35 1 0
github.com/GrayCodeAI/sight/multi_concern.go:118.35,121.42 2 0
github.com/GrayCodeAI/sight/multi_concern.go:121.42,123.5 1 0
github.com/GrayCodeAI/sight/multi_concern.go:126.2,126.27 1 0
github.com/GrayCodeAI/sight/multi_concern.go:129.41,132.2 1 0
github.com/GrayCodeAI/sight/multi_concern.go:134.51,137.28 2 0
github.com/GrayCodeAI/sight/multi_concern.go:137.28,138.32 1 0
github.com/GrayCodeAI/sight/multi_concern.go:138.32,140.4 1 0
github.com/GrayCodeAI/sight/multi_concern.go:142.2,142.14 1 0
github.com/GrayCodeAI/sight/options.go:27.35,27.43 1 1
github.com/GrayCodeAI/sight/options.go:61.30,73.2 1 1
github.com/GrayCodeAI/sight/options.go:75.41,77.25 2 1
github.com/GrayCodeAI/sight/options.go:77.25,79.3 1 1
github.com/GrayCodeAI/sight/options.go:80.2,80.12 1 1
github.com/GrayCodeAI/sight/options.go:86.44,91.2 4 1
github.com/GrayCodeAI/sight/options.go:94.47,100.2 5 1
github.com/GrayCodeAI/sight/options.go:103.52,108.2 4 1
github.com/GrayCodeAI/sight/options.go:111.41,116.2 4 1
github.com/GrayCodeAI/sight/options.go:120.38,121.33 1 1
github.com/GrayCodeAI/sight/options.go:121.33,121.51 1 1
github.com/GrayCodeAI/sight/options.go:124.37,125.33 1 1
github.com/GrayCodeAI/sight/options.go:125.33,125.52 1 0
github.com/GrayCodeAI/sight/options.go:128.46,129.33 1 1
github.com/GrayCodeAI/sight/options.go:129.33,129.58 1 1
github.com/GrayCodeAI/sight/options.go:132.34,133.33 1 1
github.com/GrayCodeAI/sight/options.go:133.33,134.12 1 0
github.com/GrayCodeAI/sight/options.go:134.12,136.4 1 0
github.com/GrayCodeAI/sight/options.go:140.37,141.33 1 0
github.com/GrayCodeAI/sight/options.go:141.33,142.13 1 0
github.com/GrayCodeAI/sight/options.go:142.13,144.4 1 0
github.com/GrayCodeAI/sight/options.go:148.38,149.33 1 1
github.com/GrayCodeAI/sight/options.go:149.33,149.51 1 0
github.com/GrayCodeAI/sight/options.go:152.42,153.33 1 1
github.com/GrayCodeAI/sight/options.go:153.33,153.59 1 1
github.com/GrayCodeAI/sight/options.go:156.39,157.33 1 0
github.com/GrayCodeAI/sight/options.go:157.33,157.56 1 0
github.com/GrayCodeAI/sight/options.go:160.40,161.33 1 1
github.com/GrayCodeAI/sight/options.go:161.33,161.57 1 1
github.com/GrayCodeAI/sight/options.go:164.42,165.33 1 1
github.com/GrayCodeAI/sight/options.go:165.33,165.59 1 0
github.com/GrayCodeAI/sight/options.go:170.45,171.33 1 1
github.com/GrayCodeAI/sight/options.go:171.33,171.57 1 0
github.com/GrayCodeAI/sight/options.go:176.33,177.33 1 0
github.com/GrayCodeAI/sight/options.go:177.33,178.24 1 0
github.com/GrayCodeAI/sight/options.go:178.24,180.4 1 0
github.com/GrayCodeAI/sight/options.go:185.44,186.33 1 0
github.com/GrayCodeAI/sight/options.go:186.33,186.59 1 0
github.com/GrayCodeAI/sight/options.go:192.45,193.33 1 0
github.com/GrayCodeAI/sight/options.go:193.33,193.56 1 0
github.com/GrayCodeAI/sight/reviewer.go:26.44,28.2 1 1
github.com/GrayCodeAI/sight/reviewer.go:31.81,32.22 1 1
github.com/GrayCodeAI/sight/reviewer.go:32.22,34.3 1 0
github.com/GrayCodeAI/sight/reviewer.go:35.2,35.27 1 1
github.com/GrayCodeAI/sight/reviewer.go:35.27,37.3 1 1
github.com/GrayCodeAI/sight/reviewer.go:38.2,38.19 1 1
github.com/GrayCodeAI/sight/reviewer.go:38.19,40.3 1 1
github.com/GrayCodeAI/sight/reviewer.go:42.2,43.21 2 1
github.com/GrayCodeAI/sight/reviewer.go:43.21,45.3 1 0
github.com/GrayCodeAI/sight/reviewer.go:48.2,48.23 1 1
github.com/GrayCodeAI/sight/reviewer.go:48.23,50.3 1 1
github.com/GrayCodeAI/sight/reviewer.go:53.2,53.28 1 1
github.com/GrayCodeAI/sight/reviewer.go:53.28,55.22 2 1
github.com/GrayCodeAI/sight/reviewer.go:55.22,57.4 1 0
github.com/GrayCodeAI/sight/reviewer.go:61.2,62.22 2 1
github.com/GrayCodeAI/sight/reviewer.go:62.22,64.27 2 1
github.com/GrayCodeAI/sight/reviewer.go:64.27,65.20 1 1
github.com/GrayCodeAI/sight/reviewer.go:65.20,67.5 1 1
github.com/GrayCodeAI/sight/reviewer.go:69.3,70.49 2 1
github.com/GrayCodeAI/sight/reviewer.go:73.2,75.35 2 1
github.com/GrayCodeAI/sight/reviewer.go:75.35,77.3 1 0
github.com/GrayCodeAI/sight/reviewer.go:79.2,90.45 3 1
github.com/GrayCodeAI/sight/reviewer.go:90.45,99.32 6 1
github.com/GrayCodeAI/sight/reviewer.go:99.32,101.27 2 1
github.com/GrayCodeAI/sight/reviewer.go:101.27,103.5 1 1
github.com/GrayCodeAI/sight/reviewer.go:105.4,106.32 2 1
github.com/GrayCodeAI/sight/reviewer.go:106.32,108.5 1 0
github.com/GrayCodeAI/sight/reviewer.go:110.4,119.18 2 1
github.com/GrayCodeAI/sight/reviewer.go:119.18,121.13 2 1
github.com/GrayCodeAI/sight/reviewer.go:124.4,126.36 3 1
github.com/GrayCodeAI/sight/reviewer.go:129.3,134.14 6 1
github.com/GrayCodeAI/sight/reviewer.go:137.2,137.41 1 1
github.com/GrayCodeAI/sight/reviewer.go:137.41,139.36 2 1
github.com/GrayCodeAI/sight/reviewer.go:139.36,141.30 2 1
github.com/GrayCodeAI/sight/reviewer.go:141.30,144.5 2 1
github.com/GrayCodeAI/sight/reviewer.go:146.3,146.12 1 1
github.com/GrayCodeAI/sight/reviewer.go:147.8,148.36 1 1
github.com/GrayCodeAI/sight/reviewer.go:148.36,150.4 1 1
github.com/GrayCodeAI/sight/reviewer.go:153.2,156.66 2 1
github.com/GrayCodeAI/sight/reviewer.go:156.66,158.3 1 0
github.com/GrayCodeAI/sight/reviewer.go:160.2,160.46 1 1
github.com/GrayCodeAI/sight/reviewer.go:160.46,161.57 1 1
github.com/GrayCodeAI/sight/reviewer.go:161.57,163.4 1 1
github.com/GrayCodeAI/sight/reviewer.go:164.3,164.49 1 0
github.com/GrayCodeAI/sight/reviewer.go:164.49,166.4 1 0
github.com/GrayCodeAI/sight/reviewer.go:167.3,167.51 1 0
github.com/GrayCodeAI/sight/reviewer.go:170.2,171.32 2 1
github.com/GrayCodeAI/sight/reviewer.go:171.32,182.3 1 1
github.com/GrayCodeAI/sight/reviewer.go:183.2,187.32 4 1
github.com/GrayCodeAI/sight/reviewer.go:187.32,190.3 2 1
github.com/GrayCodeAI/sight/reviewer.go:192.2,207.32 3 1
github.com/GrayCodeAI/sight/reviewer.go:207.32,219.3 1 1
github.com/GrayCodeAI/sight/reviewer.go:220.2,229.32 2 1
github.com/GrayCodeAI/sight/reviewer.go:229.32,231.3 1 1
github.com/GrayCodeAI/sight/reviewer.go:232.2,235.24 2 1
github.com/GrayCodeAI/sight/reviewer.go:235.24,237.31 2 1
github.com/GrayCodeAI/sight/reviewer.go:237.31,239.4 1 1
github.com/GrayCodeAI/sight/reviewer.go:242.2,242.20 1 1
github.com/GrayCodeAI/sight/reviewer.go:246.90,247.27 1 0
github.com/GrayCodeAI/sight/reviewer.go:247.27,249.3 1 0
github.com/GrayCodeAI/sight/reviewer.go:250.2,251.26 2 0
github.com/GrayCodeAI/sight/reviewer.go:251.26,258.3 1 0
github.com/GrayCodeAI/sight/reviewer.go:259.2,260.32 2 0
github.com/GrayCodeAI/sight/reviewer.go:263.60,265.29 2 1
github.com/GrayCodeAI/sight/reviewer.go:265.29,268.16 2 1
github.com/GrayCodeAI/sight/reviewer.go:268.16,270.4 1 1
github.com/GrayCodeAI/sight/reviewer.go:271.3,281.4 1 1
github.com/GrayCodeAI/sight/reviewer.go:283.2,283.12 1 1
github.com/GrayCodeAI/sight/reviewer.go:286.66,288.29 2 1
github.com/GrayCodeAI/sight/reviewer.go:288.29,296.3 1 1
github.com/GrayCodeAI/sight/reviewer.go:297.2,297.12 1 1
github.com/GrayCodeAI/sight/reviewer.go:300.42,309.29 4 1
github.com/GrayCodeAI/sight/reviewer.go:309.29,316.34 3 1
github.com/GrayCodeAI/sight/reviewer.go:316.34,317.12 1 1
github.com/GrayCodeAI/sight/reviewer.go:319.3,321.29 3 1
github.com/GrayCodeAI/sight/reviewer.go:323.2,323.15 1 1
github.com/GrayCodeAI/sight/reviewer.go:326.40,328.26 2 1
github.com/GrayCodeAI/sight/reviewer.go:328.26,330.3 1 1
github.com/GrayCodeAI/sight/reviewer.go:331.2,331.14 1 1
github.com/GrayCodeAI/sight/reviewer.go:336.68,338.26 2 1
github.com/GrayCodeAI/sight/reviewer.go:338.26,339.40 1 1
github.com/GrayCodeAI/sight/reviewer.go:339.40,341.4 1 1
github.com/GrayCodeAI/sight/reviewer.go:343.2,343.15 1 1
github.com/GrayCodeAI/sight/reviewer.go:348.58,350.35 2 1
github.com/GrayCodeAI/sight/reviewer.go:350.35,353.37 1 1
github.com/GrayCodeAI/sight/reviewer.go:353.37,354.60 1 0
github.com/GrayCodeAI/sight/reviewer.go:354.60,356.5 1 0
github.com/GrayCodeAI/sight/reviewer.go:357.9,359.23 1 1
github.com/GrayCodeAI/sight/reviewer.go:359.23,361.5 1 0
github.com/GrayCodeAI/sight/reviewer.go:363.4,363.60 1 1
github.com/GrayCodeAI/sight/reviewer.go:363.60,365.5 1 0
github.com/GrayCodeAI/sight/reviewer.go:368.2,368.14 1 1
github.com/GrayCodeAI/sight/reviewer.go:372.112,374.29 2 0
github.com/GrayCodeAI/sight/reviewer.go:374.29,385.3 1 0
github.com/GrayCodeAI/sight/reviewer.go:387.2,397.16 3 0
github.com/GrayCodeAI/sight/reviewer.go:397.16,399.3 1 0
github.com/GrayCodeAI/sight/reviewer.go:401.2,404.27 3 0
github.com/GrayCodeAI/sight/reviewer.go:404.27,406.3 1 0
github.com/GrayCodeAI/sight/reviewer.go:408.2,409.36 2 0
github.com/GrayCodeAI/sight/rules.go:19.42,45.30 4 1
github.com/GrayCodeAI/sight/rules.go:45.30,46.34 1 1
github.com/GrayCodeAI/sight/rules.go:46.34,48.18 2 1
github.com/GrayCodeAI/sight/rules.go:48.18,49.13 1 0
github.com/GrayCodeAI/sight/rules.go:51.4,52.21 2 1
github.com/GrayCodeAI/sight/rules.go:52.21,53.13 1 1
github.com/GrayCodeAI/sight/rules.go:55.4,55.19 1 1
github.com/GrayCodeAI/sight/rules.go:55.19,57.5 1 1
github.com/GrayCodeAI/sight/rules.go:58.4,63.18 5 1
github.com/GrayCodeAI/sight/rules.go:63.18,65.5 1 0
github.com/GrayCodeAI/sight/rules.go:66.4,68.26 3 1
github.com/GrayCodeAI/sight/rules.go:72.2,72.19 1 1
github.com/GrayCodeAI/sight/rules.go:76.41,78.37 2 1
github.com/GrayCodeAI/sight/rules.go:78.37,80.3 1 1
github.com/GrayCodeAI/sight/rules.go:81.2,81.16 1 1
github.com/GrayCodeAI/sight/rules.go:85.41,86.41 1 1
github.com/GrayCodeAI/sight/rules.go:86.41,88.3 1 1
github.com/GrayCodeAI/sight/rules.go:89.2,89.12 1 1
github.com/GrayCodeAI/sight/severity.go:18.35,19.33 1 0
github.com/GrayCodeAI/sight/severity.go:19.33,21.3 1 0
github.com/GrayCodeAI/sight/severity.go:22.2,22.18 1 0
github.com/GrayCodeAI/sight/severity.go:26.39,27.47 1 1
github.com/GrayCodeAI/sight/severity.go:28.18,29.26 1 1
github.com/GrayCodeAI/sight/severity.go:30.14,31.22 1 1
github.com/GrayCodeAI/sight/severity.go:32.16,33.24 1 0
github.com/GrayCodeAI/sight/severity.go:34.13,35.21 1 0
github.com/GrayCodeAI/sight/severity.go:36.10,37.22 1 0
github.com/GrayCodeAI/sight/severity.go:42.52,44.2 1 1
github.com/GrayCodeAI/sight/sight.go:72.32,73.31 1 1
github.com/GrayCodeAI/sight/sight.go:73.31,74.35 1 1
github.com/GrayCodeAI/sight/sight.go:74.35,76.4 1 1
github.com/GrayCodeAI/sight/sight.go:78.2,78.14 1 1
github.com/GrayCodeAI/sight/sight.go:82.41,84.31 2 1
github.com/GrayCodeAI/sight/sight.go:84.31,85.23 1 1
github.com/GrayCodeAI/sight/sight.go:85.23,87.4 1 1
github.com/GrayCodeAI/sight/sight.go:89.2,89.12 1 1
github.com/GrayCodeAI/sight/sight.go:108.80,111.2 2 1
github.com/GrayCodeAI/sight/internal/output/output.go:43.61,50.26 6 1
github.com/GrayCodeAI/sight/internal/output/output.go:50.26,52.3 1 1
github.com/GrayCodeAI/sight/internal/output/output.go:53.2,56.24 3 1
github.com/GrayCodeAI/sight/internal/output/output.go:56.24,59.3 2 1
github.com/GrayCodeAI/sight/internal/output/output.go:61.2,63.29 3 1
github.com/GrayCodeAI/sight/internal/output/output.go:63.29,65.3 1 1
github.com/GrayCodeAI/sight/internal/output/output.go:67.2,67.28 1 1
github.com/GrayCodeAI/sight/internal/output/output.go:67.28,69.22 2 1
github.com/GrayCodeAI/sight/internal/output/output.go:69.22,70.12 1 1
github.com/GrayCodeAI/sight/internal/output/output.go:72.3,73.32 2 1
github.com/GrayCodeAI/sight/internal/output/output.go:73.32,75.4 1 1
github.com/GrayCodeAI/sight/internal/output/output.go:76.3,77.31 2 1
github.com/GrayCodeAI/sight/internal/output/output.go:77.31,79.4 1 1
github.com/GrayCodeAI/sight/internal/output/output.go:81.3,83.27 2 1
github.com/GrayCodeAI/sight/internal/output/output.go:83.27,85.18 2 1
github.com/GrayCodeAI/sight/internal/output/output.go:85.18,87.45 2 1
github.com/GrayCodeAI/sight/internal/output/output.go:87.45,89.6 1 0
github.com/GrayCodeAI/sight/internal/output/output.go:92.4,94.23 3 1
github.com/GrayCodeAI/sight/internal/output/output.go:94.23,96.5 1 1
github.com/GrayCodeAI/sight/internal/output/output.go:97.4,99.25 2 1
github.com/GrayCodeAI/sight/internal/output/output.go:99.25,101.5 1 1
github.com/GrayCodeAI/sight/internal/output/output.go:102.4,102.19 1 1
github.com/GrayCodeAI/sight/internal/output/output.go:102.19,104.5 1 1
github.com/GrayCodeAI/sight/internal/output/output.go:105.4,105.23 1 1
github.com/GrayCodeAI/sight/internal/output/output.go:109.2,113.28 4 1
github.com/GrayCodeAI/sight/internal/output/output.go:113.28,115.16 2 1
github.com/GrayCodeAI/sight/internal/output/output.go:115.16,118.4 2 1
github.com/GrayCodeAI/sight/internal/output/output.go:120.2,120.20 1 1
github.com/GrayCodeAI/sight/internal/output/output.go:120.20,122.3 1 1
github.com/GrayCodeAI/sight/internal/output/output.go:123.2,125.39 2 1
github.com/GrayCodeAI/sight/internal/output/output.go:125.39,127.49 2 1
github.com/GrayCodeAI/sight/internal/output/output.go:127.49,129.4 1 1
github.com/GrayCodeAI/sight/internal/output/output.go:130.3,130.92 1 1
github.com/GrayCodeAI/sight/internal/output/output.go:132.2,134.19 2 1
github.com/GrayCodeAI/sight/internal/output/output.go:138.53,140.16 2 1
github.com/GrayCodeAI/sight/internal/output/output.go:140.16,142.3 1 0
github.com/GrayCodeAI/sight/internal/output/output.go:143.2,143.25 1 1
github.com/GrayCodeAI/sight/internal/output/output.go:147.52,148.24 1 1
github.com/GrayCodeAI/sight/internal/output/output.go:148.24,150.3 1 1
github.com/GrayCodeAI/sight/internal/output/output.go:152.2,155.29 3 1
github.com/GrayCodeAI/sight/internal/output/output.go:155.29,157.38 2 1
github.com/GrayCodeAI/sight/internal/output/output.go:157.38,159.4 1 1
github.com/GrayCodeAI/sight/internal/output/output.go:160.3,161.17 2 1
github.com/GrayCodeAI/sight/internal/output/output.go:161.17,163.4 1 1
github.com/GrayCodeAI/sight/internal/output/output.go:164.3,165.18 2 1
github.com/GrayCodeAI/sight/internal/output/output.go:165.18,167.4 1 1
github.com/GrayCodeAI/sight/internal/output/output.go:170.2,170.19 1 1
github.com/GrayCodeAI/sight/internal/output/sarif.go:101.54,105.29 3 1
github.com/GrayCodeAI/sight/internal/output/sarif.go:105.29,112.19 2 1
github.com/GrayCodeAI/sight/internal/output/sarif.go:112.19,118.18 2 1
github.com/GrayCodeAI/sight/internal/output/sarif.go:118.18,123.49 2 1
github.com/GrayCodeAI/sight/internal/output/sarif.go:123.49,125.6 1 1
github.com/GrayCodeAI/sight/internal/output/sarif.go:127.4,127.52 1 1
github.com/GrayCodeAI/sight/internal/output/sarif.go:130.3,130.18 1 1
github.com/GrayCodeAI/sight/internal/output/sarif.go:130.18,134.4 1 1
github.com/GrayCodeAI/sight/internal/output/sarif.go:136.3,136.18 1 1
github.com/GrayCodeAI/sight/internal/output/sarif.go:136.18,141.4 1 1
github.com/GrayCodeAI/sight/internal/output/sarif.go:143.3,143.36 1 1
github.com/GrayCodeAI/sight/internal/output/sarif.go:146.2,165.16 3 1
github.com/GrayCodeAI/sight/internal/output/sarif.go:165.16,167.3 1 0
github.com/GrayCodeAI/sight/internal/output/sarif.go:168.2,168.25 1 1
github.com/GrayCodeAI/sight/internal/output/sarif.go:171.54,175.29 3 1
github.com/GrayCodeAI/sight/internal/output/sarif.go:175.29,177.15 2 1
github.com/GrayCodeAI/sight/internal/output/sarif.go:177.15,178.12 1 1
github.com/GrayCodeAI/sight/internal/output/sarif.go:180.3,186.5 2 1
github.com/GrayCodeAI/sight/internal/output/sarif.go:188.2,188.14 1 1
github.com/GrayCodeAI/sight/internal/output/sarif.go:191.38,192.9 1 1
github.com/GrayCodeAI/sight/internal/output/sarif.go:193.21,194.17 1 1
github.com/GrayCodeAI/sight/internal/output/sarif.go:195.21,196.19 1 1
github.com/GrayCodeAI/sight/internal/output/sarif.go:197.10,198.16 1 1
github.com/GrayCodeAI/sight/internal/comment/comment.go:58.71,60.2 1 1
github.com/GrayCodeAI/sight/internal/comment/comment.go:64.96,70.54 4 1
github.com/GrayCodeAI/sight/internal/comment/comment.go:70.54,71.27 1 1
github.com/GrayCodeAI/sight/internal/comment/comment.go:71.27,73.4 1 1
github.com/GrayCodeAI/sight/internal/comment/comment.go:76.2,76.29 1 1
github.com/GrayCodeAI/sight/internal/comment/comment.go:76.29,79.15 2 1
github.com/GrayCodeAI/sight/internal/comment/comment.go:80.19,82.48 1 1
github.com/GrayCodeAI/sight/internal/comment/comment.go:84.19,86.14 1 1
github.com/GrayCodeAI/sight/internal/comment/comment.go:86.14,88.5 1 1
github.com/GrayCodeAI/sight/internal/comment/comment.go:90.26,93.14 1 1
github.com/GrayCodeAI/sight/internal/comment/comment.go:93.14,94.68 1 1
github.com/GrayCodeAI/sight/internal/comment/comment.go:94.68,96.6 1 1
github.com/GrayCodeAI/sight/internal/comment/comment.go:99.11,101.14 1 1
github.com/GrayCodeAI/sight/internal/comment/comment.go:101.14,102.69 1 1
github.com/GrayCodeAI/sight/internal/comment/comment.go:102.69,104.6 1 1
github.com/GrayCodeAI/sight/internal/comment/comment.go:109.2,109.17 1 1
github.com/GrayCodeAI/sight/internal/comment/comment.go:112.59,114.26 2 1
github.com/GrayCodeAI/sight/internal/comment/comment.go:114.26,116.3 1 1
github.com/GrayCodeAI/sight/internal/comment/comment.go:117.2,117.10 1 1
github.com/GrayCodeAI/sight/internal/comment/comment.go:126.51,131.34 2 1
github.com/GrayCodeAI/sight/internal/comment/comment.go:131.34,134.33 3 1
github.com/GrayCodeAI/sight/internal/comment/comment.go:134.33,137.4 2 1
github.com/GrayCodeAI/sight/internal/comment/comment.go:138.3,138.32 1 1
github.com/GrayCodeAI/sight/internal/comment/comment.go:138.32,139.20 1 1
github.com/GrayCodeAI/sight/internal/comment/comment.go:139.20,141.5 1 1
github.com/GrayCodeAI/sight/internal/comment/comment.go:142.4,142.20 1 1
github.com/GrayCodeAI/sight/internal/comment/comment.go:142.20,144.5 1 1
github.com/GrayCodeAI/sight/internal/comment/comment.go:147.2,147.10 1 1
github.com/GrayCodeAI/sight/internal/comment/comment.go:150.46,151.34 1 0
github.com/GrayCodeAI/sight/internal/comment/comment.go:151.34,154.35 3 0
github.com/GrayCodeAI/sight/internal/comment/comment.go:154.35,156.4 1 0
github.com/GrayCodeAI/sight/internal/comment/comment.go:158.2,158.14 1 0
github.com/GrayCodeAI/sight/internal/comment/comment.go:163.53,164.34 1 0
github.com/GrayCodeAI/sight/internal/comment/comment.go:164.34,169.41 3 0
github.com/GrayCodeAI/sight/internal/comment/comment.go:169.41,171.4 1 0
github.com/GrayCodeAI/sight/internal/comment/comment.go:173.3,173.32 1 0
github.com/GrayCodeAI/sight/internal/comment/comment.go:173.32,174.44 1 0
github.com/GrayCodeAI/sight/internal/comment/comment.go:174.44,176.5 1 0
github.com/GrayCodeAI/sight/internal/comment/comment.go:179.2,179.14 1 0
github.com/GrayCodeAI/sight/internal/comment/comment.go:182.42,187.52 4 1
github.com/GrayCodeAI/sight/internal/comment/comment.go:187.52,189.3 1 1
github.com/GrayCodeAI/sight/internal/comment/comment.go:191.2,193.23 2 1
github.com/GrayCodeAI/sight/internal/comment/comment.go:193.23,195.3 1 0
github.com/GrayCodeAI/sight/internal/comment/comment.go:197.2,204.41 2 1
github.com/GrayCodeAI/sight/internal/comment/comment.go:204.41,206.3 1 1
github.com/GrayCodeAI/sight/internal/comment/comment.go:206.8,206.24 1 1
github.com/GrayCodeAI/sight/internal/comment/comment.go:206.24,208.3 1 1
github.com/GrayCodeAI/sight/internal/comment/comment.go:210.2,210.10 1 1
github.com/GrayCodeAI/sight/internal/comment/comment.go:213.35,215.33 2 1
github.com/GrayCodeAI/sight/internal/comment/comment.go:215.33,216.31 1 1
github.com/GrayCodeAI/sight/internal/comment/comment.go:216.31,218.4 1 1
github.com/GrayCodeAI/sight/internal/comment/comment.go:220.2,220.14 1 1
github.com/GrayCodeAI/sight/internal/review/budget.go:13.35,14.17 1 1
github.com/GrayCodeAI/sight/internal/review/budget.go:14.17,16.3 1 1
github.com/GrayCodeAI/sight/internal/review/budget.go:18.2,19.16 2 1
github.com/GrayCodeAI/sight/internal/review/budget.go:19.16,22.3 1 0
github.com/GrayCodeAI/sight/internal/review/budget.go:26.2,28.21 3 1
github.com/GrayCodeAI/sight/internal/review/budget.go:28.21,30.3 1 1
github.com/GrayCodeAI/sight/internal/review/budget.go:30.8,32.3 1 1
github.com/GrayCodeAI/sight/internal/review/budget.go:34.2,35.16 2 1
github.com/GrayCodeAI/sight/internal/review/budget.go:35.16,37.3 1 0
github.com/GrayCodeAI/sight/internal/review/budget.go:38.2,38.15 1 1
github.com/GrayCodeAI/sight/internal/review/budget.go:43.62,48.26 4 1
github.com/GrayCodeAI/sight/internal/review/budget.go:48.26,51.17 2 1
github.com/GrayCodeAI/sight/internal/review/budget.go:51.17,52.15 1 1
github.com/GrayCodeAI/sight/internal/review/budget.go:52.15,55.5 2 1
github.com/GrayCodeAI/sight/internal/review/budget.go:56.9,57.14 1 1
github.com/GrayCodeAI/sight/internal/review/budget.go:57.14,59.46 2 1
github.com/GrayCodeAI/sight/internal/review/budget.go:59.46,61.6 1 1
github.com/GrayCodeAI/sight/internal/review/budget.go:62.5,62.19 1 1
github.com/GrayCodeAI/sight/internal/review/budget.go:66.4,66.27 1 1
github.com/GrayCodeAI/sight/internal/review/budget.go:66.27,69.5 2 1
github.com/GrayCodeAI/sight/internal/review/budget.go:72.2,72.12 1 1
github.com/GrayCodeAI/sight/internal/review/budget.go:72.12,74.43 2 1
github.com/GrayCodeAI/sight/internal/review/budget.go:74.43,76.4 1 1
github.com/GrayCodeAI/sight/internal/review/budget.go:79.2,79.30 1 1
github.com/GrayCodeAI/sight/internal/review/budget.go:85.42,91.25 5 1
github.com/GrayCodeAI/sight/internal/review/budget.go:91.25,92.10 1 1
github.com/GrayCodeAI/sight/internal/review/budget.go:93.27,94.19 1 1
github.com/GrayCodeAI/sight/internal/review/budget.go:95.27,96.19 1 1
github.com/GrayCodeAI/sight/internal/review/budget.go:97.27,98.19 1 1
github.com/GrayCodeAI/sight/internal/review/budget.go:99.17,100.24 1 1
github.com/GrayCodeAI/sight/internal/review/budget.go:105.2,105.43 1 1
github.com/GrayCodeAI/sight/internal/review/budget.go:105.43,107.30 1 1
github.com/GrayCodeAI/sight/internal/review/budget.go:107.30,108.26 1 1
github.com/GrayCodeAI/sight/internal/review/budget.go:108.26,110.5 1 1
github.com/GrayCodeAI/sight/internal/review/budget.go:114.2,114.19 1 1
github.com/GrayCodeAI/sight/internal/review/budget.go:114.19,116.3 1 1
github.com/GrayCodeAI/sight/internal/review/budget.go:118.2,118.40 1 1
github.com/GrayCodeAI/sight/internal/review/budget.go:118.40,120.3 1 1
github.com/GrayCodeAI/sight/internal/review/budget.go:122.2,122.14 1 1
github.com/GrayCodeAI/sight/internal/review/budget.go:127.106,128.26 1 1
github.com/GrayCodeAI/sight/internal/review/budget.go:128.26,130.3 1 1
github.com/GrayCodeAI/sight/internal/review/budget.go:132.2,136.20 4 1
github.com/GrayCodeAI/sight/internal/review/budget.go:136.20,138.3 1 1
github.com/GrayCodeAI/sight/internal/review/budget.go:140.2,144.26 4 1
github.com/GrayCodeAI/sight/internal/review/budget.go:144.26,146.63 2 1
github.com/GrayCodeAI/sight/internal/review/budget.go:146.63,150.4 3 1
github.com/GrayCodeAI/sight/internal/review/budget.go:151.3,152.30 2 1
github.com/GrayCodeAI/sight/internal/review/budget.go:154.2,154.22 1 1
github.com/GrayCodeAI/sight/internal/review/budget.go:154.22,156.3 1 1
github.com/GrayCodeAI/sight/internal/review/budget.go:158.2,158.15 1 1
github.com/GrayCodeAI/sight/internal/review/budget.go:161.42,163.28 2 1
github.com/GrayCodeAI/sight/internal/review/budget.go:163.28,165.29 2 1
github.com/GrayCodeAI/sight/internal/review/budget.go:165.29,167.4 1 1
github.com/GrayCodeAI/sight/internal/review/budget.go:169.2,169.15 1 1
github.com/GrayCodeAI/sight/internal/review/concerns.go:35.30,113.2 1 1
github.com/GrayCodeAI/sight/internal/review/concerns.go:116.46,117.21 1 1
github.com/GrayCodeAI/sight/internal/review/concerns.go:117.21,119.3 1 1
github.com/GrayCodeAI/sight/internal/review/concerns.go:120.2,122.26 3 1
github.com/GrayCodeAI/sight/internal/review/concerns.go:122.26,124.3 1 1
github.com/GrayCodeAI/sight/internal/review/concerns.go:125.2,126.24 2 1
github.com/GrayCodeAI/sight/internal/review/concerns.go:126.24,127.22 1 1
github.com/GrayCodeAI/sight/internal/review/concerns.go:127.22,129.4 1 1
github.com/GrayCodeAI/sight/internal/review/concerns.go:131.2,131.15 1 1
github.com/GrayCodeAI/sight/internal/review/cwe.go:94.43,96.34 2 1
github.com/GrayCodeAI/sight/internal/review/cwe.go:96.34,97.40 1 1
github.com/GrayCodeAI/sight/internal/review/cwe.go:97.40,98.44 1 1
github.com/GrayCodeAI/sight/internal/review/cwe.go:98.44,100.5 1 1
github.com/GrayCodeAI/sight/internal/review/cwe.go:103.2,103.11 1 1
github.com/GrayCodeAI/sight/internal/review/cwe.go:108.54,110.6 2 1
github.com/GrayCodeAI/sight/internal/review/cwe.go:110.6,112.14 2 1
github.com/GrayCodeAI/sight/internal/review/cwe.go:112.14,114.4 1 1
github.com/GrayCodeAI/sight/internal/review/cwe.go:115.3,121.24 5 1
github.com/GrayCodeAI/sight/internal/review/cwe.go:121.24,123.4 1 1
github.com/GrayCodeAI/sight/internal/review/cwe.go:124.3,124.16 1 0
github.com/GrayCodeAI/sight/internal/review/cwe.go:128.30,130.2 1 1
github.com/GrayCodeAI/sight/internal/review/cwe.go:133.38,134.34 1 1
github.com/GrayCodeAI/sight/internal/review/cwe.go:134.34,135.19 1 1
github.com/GrayCodeAI/sight/internal/review/cwe.go:135.19,137.4 1 1
github.com/GrayCodeAI/sight/internal/review/cwe.go:139.2,139.11 1 1
github.com/GrayCodeAI/sight/internal/review/prompt.go:13.43,40.2 1 1
github.com/GrayCodeAI/sight/internal/review/prompt.go:43.79,48.29 3 1
github.com/GrayCodeAI/sight/internal/review/prompt.go:48.29,49.19 1 1
github.com/GrayCodeAI/sight/internal/review/prompt.go:49.19,50.12 1 1
github.com/GrayCodeAI/sight/internal/review/prompt.go:52.3,53.19 2 1
github.com/GrayCodeAI/sight/internal/review/prompt.go:53.19,55.4 1 1
github.com/GrayCodeAI/sight/internal/review/prompt.go:56.3,56.17 1 1
github.com/GrayCodeAI/sight/internal/review/prompt.go:56.17,58.4 1 1
github.com/GrayCodeAI/sight/internal/review/prompt.go:59.3,61.35 2 1
github.com/GrayCodeAI/sight/internal/review/prompt.go:61.35,67.36 2 1
github.com/GrayCodeAI/sight/internal/review/prompt.go:67.36,68.22 1 1
github.com/GrayCodeAI/sight/internal/review/prompt.go:69.25,70.55 1 1
github.com/GrayCodeAI/sight/internal/review/prompt.go:71.27,72.55 1 1
github.com/GrayCodeAI/sight/internal/review/prompt.go:73.27,74.55 1 1
github.com/GrayCodeAI/sight/internal/review/prompt.go:79.3,79.27 1 1
github.com/GrayCodeAI/sight/internal/review/prompt.go:82.2,85.19 3 1
github.com/GrayCodeAI/sight/internal/review/prompt.go:90.48,92.26 2 1
github.com/GrayCodeAI/sight/internal/review/prompt.go:92.26,93.16 1 1
github.com/GrayCodeAI/sight/internal/review/prompt.go:93.16,94.12 1 1
github.com/GrayCodeAI/sight/internal/review/prompt.go:96.3,97.16 2 1
github.com/GrayCodeAI/sight/internal/review/prompt.go:97.16,99.4 1 0
github.com/GrayCodeAI/sight/internal/review/prompt.go:100.3,100.18 1 1
github.com/GrayCodeAI/sight/internal/review/prompt.go:102.2,102.24 1 1
github.com/GrayCodeAI/sight/internal/review/prompt.go:102.24,104.3 1 0
github.com/GrayCodeAI/sight/internal/review/prompt.go:107.2,112.35 3 1
github.com/GrayCodeAI/sight/internal/review/prompt.go:112.35,114.3 1 1
github.com/GrayCodeAI/sight/internal/review/prompt.go:115.2,115.42 1 1
github.com/GrayCodeAI/sight/internal/review/prompt.go:115.42,116.43 1 0
github.com/GrayCodeAI/sight/internal/review/prompt.go:116.43,118.4 1 0
github.com/GrayCodeAI/sight/internal/review/prompt.go:119.3,119.41 1 0
github.com/GrayCodeAI/sight/internal/review/prompt.go:123.2,153.23 4 1
github.com/GrayCodeAI/sight/internal/review/prompt.go:153.23,155.3 1 0
github.com/GrayCodeAI/sight/internal/review/prompt.go:157.2,161.28 5 1
github.com/GrayCodeAI/sight/internal/review/prompt.go:161.28,162.12 1 1
github.com/GrayCodeAI/sight/internal/review/prompt.go:162.12,164.4 1 0
github.com/GrayCodeAI/sight/internal/review/prompt.go:165.3,165.54 1 1
github.com/GrayCodeAI/sight/internal/review/prompt.go:167.2,168.19 2 1
github.com/GrayCodeAI/sight/internal/review/prompt.go:174.87,180.54 3 1
github.com/GrayCodeAI/sight/internal/review/prompt.go:180.54,183.3 2 1
github.com/GrayCodeAI/sight/internal/review/prompt.go:185.2,185.29 1 1
github.com/GrayCodeAI/sight/internal/review/prompt.go:185.29,186.19 1 1
github.com/GrayCodeAI/sight/internal/review/prompt.go:186.19,187.12 1 1
github.com/GrayCodeAI/sight/internal/review/prompt.go:189.3,190.19 2 1
github.com/GrayCodeAI/sight/internal/review/prompt.go:190.19,192.4 1 1
github.com/GrayCodeAI/sight/internal/review/prompt.go:193.3,193.17 1 1
github.com/GrayCodeAI/sight/internal/review/prompt.go:193.17,195.4 1 1
github.com/GrayCodeAI/sight/internal/review/prompt.go:196.3,198.35 2 1
github.com/GrayCodeAI/sight/internal/review/prompt.go:198.35,206.36 3 1
github.com/GrayCodeAI/sight/internal/review/prompt.go:206.36,207.22 1 1
github.com/GrayCodeAI/sight/internal/review/prompt.go:208.25,209.71 1 1
github.com/GrayCodeAI/sight/internal/review/prompt.go:210.27,211.71 1 1
github.com/GrayCodeAI/sight/internal/review/prompt.go:214.4,218.36 3 1
github.com/GrayCodeAI/sight/internal/review/prompt.go:218.36,219.22 1 1
github.com/GrayCodeAI/sight/internal/review/prompt.go:220.27,221.71 1 1
github.com/GrayCodeAI/sight/internal/review/prompt.go:222.27,223.71 1 1
github.com/GrayCodeAI/sight/internal/review/prompt.go:226.4,226.23 1 1
github.com/GrayCodeAI/sight/internal/review/prompt.go:230.2,233.19 3 1
github.com/GrayCodeAI/sight/internal/review/reflect.go:53.72,58.29 4 1
github.com/GrayCodeAI/sight/internal/review/reflect.go:58.29,61.18 2 1
github.com/GrayCodeAI/sight/internal/review/reflect.go:61.18,63.4 1 1
github.com/GrayCodeAI/sight/internal/review/reflect.go:66.2,67.29 2 1
github.com/GrayCodeAI/sight/internal/review/reflect.go:67.29,70.3 2 1
github.com/GrayCodeAI/sight/internal/review/reflect.go:70.8,72.3 1 1
github.com/GrayCodeAI/sight/internal/review/reflect.go:73.2,77.40 3 1
github.com/GrayCodeAI/sight/internal/review/reflect.go:77.40,79.3 1 0
github.com/GrayCodeAI/sight/internal/review/reflect.go:81.2,81.15 1 1
github.com/GrayCodeAI/sight/internal/review/reflect.go:95.60,97.19 2 1
github.com/GrayCodeAI/sight/internal/review/reflect.go:97.19,99.3 1 1
github.com/GrayCodeAI/sight/internal/review/reflect.go:101.2,102.66 2 1
github.com/GrayCodeAI/sight/internal/review/reflect.go:102.66,104.3 1 0
github.com/GrayCodeAI/sight/internal/review/reflect.go:105.2,105.16 1 1
github.com/GrayCodeAI/sight/internal/review/reflect.go:109.81,111.2 1 1
github.com/GrayCodeAI/sight/internal/review/reflect.go:116.104,117.27 1 1
github.com/GrayCodeAI/sight/internal/review/reflect.go:117.27,119.3 1 1
github.com/GrayCodeAI/sight/internal/review/reflect.go:121.2,122.32 2 1
github.com/GrayCodeAI/sight/internal/review/reflect.go:122.32,124.3 1 1
github.com/GrayCodeAI/sight/internal/review/reflect.go:126.2,127.29 2 1
github.com/GrayCodeAI/sight/internal/review/reflect.go:127.29,129.14 2 1
github.com/GrayCodeAI/sight/internal/review/reflect.go:129.14,131.12 2 1
github.com/GrayCodeAI/sight/internal/review/reflect.go:134.3,134.19 1 1
github.com/GrayCodeAI/sight/internal/review/reflect.go:135.15,136.12 1 1
github.com/GrayCodeAI/sight/internal/review/reflect.go:137.17,139.23 2 1
github.com/GrayCodeAI/sight/internal/review/reflect.go:139.23,141.5 1 1
github.com/GrayCodeAI/sight/internal/review/reflect.go:143.4,143.57 1 1
github.com/GrayCodeAI/sight/internal/review/reflect.go:143.57,144.13 1 1
github.com/GrayCodeAI/sight/internal/review/reflect.go:146.4,146.30 1 1
github.com/GrayCodeAI/sight/internal/review/reflect.go:147.11,148.49 1 1
github.com/GrayCodeAI/sight/internal/review/reflect.go:148.49,150.5 1 1
github.com/GrayCodeAI/sight/internal/review/reflect.go:152.4,152.57 1 1
github.com/GrayCodeAI/sight/internal/review/reflect.go:152.57,153.13 1 1
github.com/GrayCodeAI/sight/internal/review/reflect.go:155.4,155.30 1 1
github.com/GrayCodeAI/sight/internal/review/reflect.go:159.2,159.15 1 1
github.com/GrayCodeAI/sight/internal/review/reflect.go:162.37,164.25 2 1
github.com/GrayCodeAI/sight/internal/review/reflect.go:164.25,166.3 1 1
github.com/GrayCodeAI/sight/internal/review/reflect.go:167.2,167.18 1 1
github.com/GrayCodeAI/sight/internal/review/reflect.go:170.42,172.36 2 1
github.com/GrayCodeAI/sight/internal/review/reflect.go:172.36,174.22 2 1
github.com/GrayCodeAI/sight/internal/review/reflect.go:174.22,176.17 2 1
github.com/GrayCodeAI/sight/internal/review/reflect.go:176.17,178.5 1 1
github.com/GrayCodeAI/sight/internal/review/reflect.go:181.2,183.46 3 1
github.com/GrayCodeAI/sight/internal/review/reflect.go:183.46,185.3 1 1
github.com/GrayCodeAI/sight/internal/review/reflect.go:186.2,186.25 1 1
github.com/GrayCodeAI/sight/internal/review/response.go:44.67,46.19 2 1
github.com/GrayCodeAI/sight/internal/review/response.go:46.19,49.3 1 1
github.com/GrayCodeAI/sight/internal/review/response.go:51.2,54.62 2 1
github.com/GrayCodeAI/sight/internal/review/response.go:54.62,57.63 2 0
github.com/GrayCodeAI/sight/internal/review/response.go:57.63,60.4 1 0
github.com/GrayCodeAI/sight/internal/review/response.go:63.2,64.24 2 1
github.com/GrayCodeAI/sight/internal/review/response.go:64.24,65.38 1 1
github.com/GrayCodeAI/sight/internal/review/response.go:65.38,66.12 1 1
github.com/GrayCodeAI/sight/internal/review/response.go:68.3,78.5 1 1
github.com/GrayCodeAI/sight/internal/review/response.go:81.2,81.17 1 1
github.com/GrayCodeAI/sight/internal/review/response.go:88.35,93.29 3 0
github.com/GrayCodeAI/sight/internal/review/response.go:93.29,95.39 2 0
github.com/GrayCodeAI/sight/internal/review/response.go:95.39,96.12 1 0
github.com/GrayCodeAI/sight/internal/review/response.go:98.3,98.34 1 0
github.com/GrayCodeAI/sight/internal/review/response.go:100.2,109.30 5 0
github.com/GrayCodeAI/sight/internal/review/response.go:109.30,111.14 2 0
github.com/GrayCodeAI/sight/internal/review/response.go:111.14,114.12 3 0
github.com/GrayCodeAI/sight/internal/review/response.go:116.3,116.29 1 0
github.com/GrayCodeAI/sight/internal/review/response.go:116.29,119.12 3 0
github.com/GrayCodeAI/sight/internal/review/response.go:121.3,121.16 1 0
github.com/GrayCodeAI/sight/internal/review/response.go:121.16,124.12 3 0
github.com/GrayCodeAI/sight/internal/review/response.go:126.3,126.29 1 0
github.com/GrayCodeAI/sight/internal/review/response.go:126.29,128.12 2 0
github.com/GrayCodeAI/sight/internal/review/response.go:130.3,130.23 1 0
github.com/GrayCodeAI/sight/internal/review/response.go:132.2,137.10 3 0
github.com/GrayCodeAI/sight/internal/review/response.go:142.67,146.22 2 1
github.com/GrayCodeAI/sight/internal/review/response.go:146.22,148.3 1 1
github.com/GrayCodeAI/sight/internal/review/response.go:150.2,151.31 2 0
github.com/GrayCodeAI/sight/internal/review/response.go:151.31,154.42 3 0
github.com/GrayCodeAI/sight/internal/review/response.go:154.42,155.12 1 0
github.com/GrayCodeAI/sight/internal/review/response.go:158.3,164.75 2 0
github.com/GrayCodeAI/sight/internal/review/response.go:164.75,166.4 1 0
github.com/GrayCodeAI/sight/internal/review/response.go:167.3,167.72 1 0
github.com/GrayCodeAI/sight/internal/review/response.go:167.72,169.4 1 0
github.com/GrayCodeAI/sight/internal/review/response.go:170.3,170.72 1 0
github.com/GrayCodeAI/sight/internal/review/response.go:170.72,172.4 1 0
github.com/GrayCodeAI/sight/internal/review/response.go:173.3,173.81 1 0
github.com/GrayCodeAI/sight/internal/review/response.go:173.81,175.4 1 0
github.com/GrayCodeAI/sight/internal/review/response.go:176.3,176.72 1 0
github.com/GrayCodeAI/sight/internal/review/response.go:176.72,178.4 1 0
github.com/GrayCodeAI/sight/internal/review/response.go:180.3,180.33 1 0
github.com/GrayCodeAI/sight/internal/review/response.go:183.2,183.17 1 0
github.com/GrayCodeAI/sight/internal/review/response.go:187.42,188.21 1 0
github.com/GrayCodeAI/sight/internal/review/response.go:188.21,190.3 1 0
github.com/GrayCodeAI/sight/internal/review/response.go:191.2,191.10 1 0
github.com/GrayCodeAI/sight/internal/review/response.go:195.35,198.36 2 1
github.com/GrayCodeAI/sight/internal/review/response.go:198.36,200.22 2 1
github.com/GrayCodeAI/sight/internal/review/response.go:200.22,202.17 2 1
github.com/GrayCodeAI/sight/internal/review/response.go:202.17,204.5 1 1
github.com/GrayCodeAI/sight/internal/review/response.go:204.10,206.5 1 0
github.com/GrayCodeAI/sight/internal/review/response.go:208.8,208.39 1 1
github.com/GrayCodeAI/sight/internal/review/response.go:208.39,210.22 2 0
github.com/GrayCodeAI/sight/internal/review/response.go:210.22,212.51 2 0
github.com/GrayCodeAI/sight/internal/review/response.go:212.51,214.5 1 0
github.com/GrayCodeAI/sight/internal/review/response.go:215.4,216.17 2 0
github.com/GrayCodeAI/sight/internal/review/response.go:216.17,218.5 1 0
github.com/GrayCodeAI/sight/internal/review/response.go:218.10,220.5 1 0
github.com/GrayCodeAI/sight/internal/review/response.go:224.2,225.17 2 1
github.com/GrayCodeAI/sight/internal/review/response.go:225.17,227.3 1 1
github.com/GrayCodeAI/sight/internal/review/response.go:228.2,229.31 2 1
github.com/GrayCodeAI/sight/internal/review/response.go:229.31,231.3 1 0
github.com/GrayCodeAI/sight/internal/review/response.go:233.2,233.25 1 1
github.com/GrayCodeAI/sight/internal/review/response.go:236.39,237.47 1 1
github.com/GrayCodeAI/sight/internal/review/response.go:238.18,239.26 1 1
github.com/GrayCodeAI/sight/internal/review/response.go:240.14,241.22 1 1
github.com/GrayCodeAI/sight/internal/review/response.go:242.16,243.24 1 1
github.com/GrayCodeAI/sight/internal/review/response.go:244.13,245.21 1 1
github.com/GrayCodeAI/sight/internal/review/response.go:246.10,247.22 1 1
github.com/GrayCodeAI/sight/mcp/server.go:24.65,34.2 4 1
github.com/GrayCodeAI/sight/mcp/server.go:37.37,40.2 2 0
github.com/GrayCodeAI/sight/mcp/server.go:42.34,57.2 3 1
github.com/GrayCodeAI/sight/mcp/server.go:59.112,61.16 2 1
github.com/GrayCodeAI/sight/mcp/server.go:61.16,63.3 1 1
github.com/GrayCodeAI/sight/mcp/server.go:65.2,67.16 3 1
github.com/GrayCodeAI/sight/mcp/server.go:67.16,69.3 1 0
github.com/GrayCodeAI/sight/mcp/server.go:71.2,72.16 2 1
github.com/GrayCodeAI/sight/mcp/server.go:72.16,74.3 1 0
github.com/GrayCodeAI/sight/mcp/server.go:75.2,75.49 1 1
github.com/GrayCodeAI/sight/mcp/server.go:78.114,80.16 2 1
github.com/GrayCodeAI/sight/mcp/server.go:80.16,82.3 1 0
github.com/GrayCodeAI/sight/mcp/server.go:84.2,86.16 3 1
github.com/GrayCodeAI/sight/mcp/server.go:86.16,88.3 1 0
github.com/GrayCodeAI/sight/mcp/server.go:90.2,91.16 2 1
github.com/GrayCodeAI/sight/mcp/server.go:91.16,93.3 1 0
github.com/GrayCodeAI/sight/mcp/server.go:94.2,94.49 1 1
github.com/GrayCodeAI/sight/mcp/server.go:97.113,99.16 2 1
github.com/GrayCodeAI/sight/mcp/server.go:99.16,101.3 1 0
github.com/GrayCodeAI/sight/mcp/server.go:103.2,105.16 3 1
github.com/GrayCodeAI/sight/mcp/server.go:105.16,107.3 1 0
github.com/GrayCodeAI/sight/mcp/server.go:109.2,110.16 2 1
github.com/GrayCodeAI/sight/mcp/server.go:110.16,112.3 1 0
github.com/GrayCodeAI/sight/mcp/server.go:113.2,113.49 1 1
github.com/GrayCodeAI/sight/mcp/server.go:116.60,117.51 1 1
github.com/GrayCodeAI/sight/mcp/server.go:117.51,119.3 1 1
github.com/GrayCodeAI/sight/mcp/server.go:120.2,120.11 1 0
