mode: set
github.com/GrayCodeAI/sight/internal/diff/diff.go:48.31,52.31 3 1
github.com/GrayCodeAI/sight/internal/diff/diff.go:52.31,54.22 2 1
github.com/GrayCodeAI/sight/internal/diff/diff.go:54.22,56.4 1 1
github.com/GrayCodeAI/sight/internal/diff/diff.go:59.2,59.14 1 1
github.com/GrayCodeAI/sight/internal/diff/diff.go:71.59,73.28 2 0
github.com/GrayCodeAI/sight/internal/diff/diff.go:73.28,74.19 1 0
github.com/GrayCodeAI/sight/internal/diff/diff.go:74.19,76.40 2 0
github.com/GrayCodeAI/sight/internal/diff/diff.go:76.40,78.5 1 0
github.com/GrayCodeAI/sight/internal/diff/diff.go:81.2,81.19 1 0
github.com/GrayCodeAI/sight/internal/diff/diff.go:84.39,89.29 4 1
github.com/GrayCodeAI/sight/internal/diff/diff.go:89.29,90.44 1 1
github.com/GrayCodeAI/sight/internal/diff/diff.go:90.44,91.24 1 1
github.com/GrayCodeAI/sight/internal/diff/diff.go:91.24,93.5 1 1
github.com/GrayCodeAI/sight/internal/diff/diff.go:94.4,94.28 1 1
github.com/GrayCodeAI/sight/internal/diff/diff.go:95.9,97.4 1 1
github.com/GrayCodeAI/sight/internal/diff/diff.go:99.2,99.22 1 1
github.com/GrayCodeAI/sight/internal/diff/diff.go:99.22,101.3 1 1
github.com/GrayCodeAI/sight/internal/diff/diff.go:103.2,103.15 1 1
github.com/GrayCodeAI/sight/internal/diff/diff.go:106.40,110.29 3 1
github.com/GrayCodeAI/sight/internal/diff/diff.go:110.29,111.10 1 1
github.com/GrayCodeAI/sight/internal/diff/diff.go:112.42,113.53 1 1
github.com/GrayCodeAI/sight/internal/diff/diff.go:114.49,115.21 1 1
github.com/GrayCodeAI/sight/internal/diff/diff.go:116.42,117.50 1 1
github.com/GrayCodeAI/sight/internal/diff/diff.go:118.49,119.23 1 1
github.com/GrayCodeAI/sight/internal/diff/diff.go:120.48,122.23 2 1
github.com/GrayCodeAI/sight/internal/diff/diff.go:123.46,124.54 1 1
github.com/GrayCodeAI/sight/internal/diff/diff.go:125.38,128.41 3 1
github.com/GrayCodeAI/sight/internal/diff/diff.go:132.2,132.43 1 1
github.com/GrayCodeAI/sight/internal/diff/diff.go:132.43,134.3 1 1
github.com/GrayCodeAI/sight/internal/diff/diff.go:136.2,136.13 1 1
github.com/GrayCodeAI/sight/internal/diff/diff.go:139.40,144.20 3 1
github.com/GrayCodeAI/sight/internal/diff/diff.go:144.20,146.3 1 0
github.com/GrayCodeAI/sight/internal/diff/diff.go:148.2,151.27 3 1
github.com/GrayCodeAI/sight/internal/diff/diff.go:151.27,152.32 1 1
github.com/GrayCodeAI/sight/internal/diff/diff.go:152.32,156.4 3 1
github.com/GrayCodeAI/sight/internal/diff/diff.go:156.9,156.39 1 1
github.com/GrayCodeAI/sight/internal/diff/diff.go:156.39,160.4 3 1
github.com/GrayCodeAI/sight/internal/diff/diff.go:163.2,163.21 1 1
github.com/GrayCodeAI/sight/internal/diff/diff.go:163.21,165.3 1 1
github.com/GrayCodeAI/sight/internal/diff/diff.go:167.2,167.13 1 1
github.com/GrayCodeAI/sight/internal/diff/diff.go:170.38,174.21 4 1
github.com/GrayCodeAI/sight/internal/diff/diff.go:174.21,176.3 1 1
github.com/GrayCodeAI/sight/internal/diff/diff.go:177.2,177.21 1 1
github.com/GrayCodeAI/sight/internal/diff/diff.go:180.44,185.29 4 1
github.com/GrayCodeAI/sight/internal/diff/diff.go:185.29,186.77 1 1
github.com/GrayCodeAI/sight/internal/diff/diff.go:186.77,187.9 1 1
github.com/GrayCodeAI/sight/internal/diff/diff.go:190.3,190.10 1 1
github.com/GrayCodeAI/sight/internal/diff/diff.go:191.37,197.6 2 1
github.com/GrayCodeAI/sight/internal/diff/diff.go:198.37,204.6 2 1
github.com/GrayCodeAI/sight/internal/diff/diff.go:205.37,213.6 3 1
github.com/GrayCodeAI/sight/internal/diff/diff.go:214.11,215.45 1 1
github.com/GrayCodeAI/sight/internal/diff/diff.go:215.45,216.13 1 0
github.com/GrayCodeAI/sight/internal/diff/diff.go:218.4,225.6 3 1
github.com/GrayCodeAI/sight/internal/diff/diff.go:229.2,229.15 1 1
github.com/GrayCodeAI/sight/internal/diff/diff.go:233.35,235.26 2 1
github.com/GrayCodeAI/sight/internal/diff/diff.go:235.26,236.29 1 1
github.com/GrayCodeAI/sight/internal/diff/diff.go:236.29,237.30 1 1
github.com/GrayCodeAI/sight/internal/diff/diff.go:237.30,238.19 1 1
github.com/GrayCodeAI/sight/internal/diff/diff.go:239.20,240.13 1 1
github.com/GrayCodeAI/sight/internal/diff/diff.go:241.22,242.15 1 1
github.com/GrayCodeAI/sight/internal/diff/diff.go:247.2,247.103 1 1
github.com/GrayCodeAI/sight/checks.go:41.52,43.16 2 1
github.com/GrayCodeAI/sight/checks.go:43.16,44.25 1 1
github.com/GrayCodeAI/sight/checks.go:44.25,46.4 1 1
github.com/GrayCodeAI/sight/checks.go:47.3,47.18 1 0
github.com/GrayCodeAI/sight/checks.go:50.2,51.32 2 1
github.com/GrayCodeAI/sight/checks.go:51.32,52.20 1 1
github.com/GrayCodeAI/sight/checks.go:52.20,53.12 1 0
github.com/GrayCodeAI/sight/checks.go:55.3,55.46 1 1
github.com/GrayCodeAI/sight/checks.go:55.46,56.12 1 1
github.com/GrayCodeAI/sight/checks.go:59.3,61.17 3 1
github.com/GrayCodeAI/sight/checks.go:61.17,62.12 1 0
github.com/GrayCodeAI/sight/checks.go:65.3,67.33 3 1
github.com/GrayCodeAI/sight/checks.go:70.2,70.20 1 1
github.com/GrayCodeAI/sight/checks.go:75.64,77.2 1 1
github.com/GrayCodeAI/sight/checks.go:82.68,84.27 2 1
github.com/GrayCodeAI/sight/checks.go:84.27,85.17 1 1
github.com/GrayCodeAI/sight/checks.go:85.17,86.12 1 1
github.com/GrayCodeAI/sight/checks.go:88.3,89.27 2 1
github.com/GrayCodeAI/sight/checks.go:89.27,92.4 1 0
github.com/GrayCodeAI/sight/checks.go:93.3,93.23 1 1
github.com/GrayCodeAI/sight/checks.go:93.23,95.4 1 1
github.com/GrayCodeAI/sight/checks.go:96.3,99.5 1 1
github.com/GrayCodeAI/sight/checks.go:101.2,101.17 1 1
github.com/GrayCodeAI/sight/checks.go:108.42,109.33 1 0
github.com/GrayCodeAI/sight/checks.go:109.33,111.37 2 0
github.com/GrayCodeAI/sight/checks.go:111.37,113.4 1 0
github.com/GrayCodeAI/sight/checks.go:114.3,115.36 2 0
github.com/GrayCodeAI/sight/checks.go:115.36,117.4 1 0
github.com/GrayCodeAI/sight/checks.go:118.3,118.59 1 0
github.com/GrayCodeAI/sight/checks.go:123.54,125.2 1 0
github.com/GrayCodeAI/sight/checks.go:130.55,140.39 3 1
github.com/GrayCodeAI/sight/checks.go:140.39,142.22 2 1
github.com/GrayCodeAI/sight/checks.go:142.22,145.4 2 1
github.com/GrayCodeAI/sight/checks.go:148.2,149.14 2 1
github.com/GrayCodeAI/sight/checks.go:154.54,155.47 1 1
github.com/GrayCodeAI/sight/checks.go:155.47,157.49 2 1
github.com/GrayCodeAI/sight/checks.go:157.49,158.12 1 0
github.com/GrayCodeAI/sight/checks.go:161.3,162.22 2 1
github.com/GrayCodeAI/sight/checks.go:162.22,163.12 1 0
github.com/GrayCodeAI/sight/checks.go:165.3,168.14 3 1
github.com/GrayCodeAI/sight/checks.go:169.19,171.17 2 1
github.com/GrayCodeAI/sight/checks.go:172.53,173.27 1 1
github.com/GrayCodeAI/sight/checks.go:175.20,177.28 2 1
github.com/GrayCodeAI/sight/checks.go:177.28,180.16 3 1
github.com/GrayCodeAI/sight/checks.go:180.16,182.6 1 1
github.com/GrayCodeAI/sight/checks.go:184.18,185.53 1 1
github.com/GrayCodeAI/sight/config.go:24.54,26.16 2 1
github.com/GrayCodeAI/sight/config.go:26.16,28.3 1 1
github.com/GrayCodeAI/sight/config.go:30.2,31.16 2 1
github.com/GrayCodeAI/sight/config.go:31.16,33.3 1 0
github.com/GrayCodeAI/sight/config.go:35.2,35.38 1 1
github.com/GrayCodeAI/sight/config.go:39.47,40.15 1 1
github.com/GrayCodeAI/sight/config.go:40.15,42.3 1 1
github.com/GrayCodeAI/sight/config.go:44.2,46.20 2 1
github.com/GrayCodeAI/sight/config.go:46.20,48.3 1 1
github.com/GrayCodeAI/sight/config.go:49.2,49.26 1 1
github.com/GrayCodeAI/sight/config.go:49.26,51.3 1 1
github.com/GrayCodeAI/sight/config.go:52.2,52.21 1 1
github.com/GrayCodeAI/sight/config.go:52.21,54.3 1 1
github.com/GrayCodeAI/sight/config.go:55.2,55.22 1 1
github.com/GrayCodeAI/sight/config.go:55.22,57.3 1 1
github.com/GrayCodeAI/sight/config.go:58.2,58.26 1 1
github.com/GrayCodeAI/sight/config.go:58.26,60.3 1 1
github.com/GrayCodeAI/sight/config.go:61.2,61.26 1 1
github.com/GrayCodeAI/sight/config.go:61.26,63.3 1 1
github.com/GrayCodeAI/sight/config.go:64.2,64.24 1 1
github.com/GrayCodeAI/sight/config.go:64.24,66.3 1 1
github.com/GrayCodeAI/sight/config.go:67.2,67.25 1 1
github.com/GrayCodeAI/sight/config.go:67.25,69.3 1 1
github.com/GrayCodeAI/sight/config.go:71.2,71.13 1 1
github.com/GrayCodeAI/sight/config.go:74.40,77.6 2 1
github.com/GrayCodeAI/sight/config.go:77.6,78.30 1 1
github.com/GrayCodeAI/sight/config.go:78.30,80.43 2 1
github.com/GrayCodeAI/sight/config.go:80.43,82.5 1 1
github.com/GrayCodeAI/sight/config.go:84.3,85.20 2 1
github.com/GrayCodeAI/sight/config.go:85.20,86.9 1 1
github.com/GrayCodeAI/sight/config.go:88.3,88.15 1 1
github.com/GrayCodeAI/sight/config.go:90.2,90.11 1 1
github.com/GrayCodeAI/sight/config.go:95.59,101.52 3 1
github.com/GrayCodeAI/sight/config.go:101.52,103.49 2 1
github.com/GrayCodeAI/sight/config.go:103.49,104.12 1 1
github.com/GrayCodeAI/sight/config.go:107.3,107.67 1 1
github.com/GrayCodeAI/sight/config.go:107.67,109.12 2 1
github.com/GrayCodeAI/sight/config.go:112.3,113.10 2 1
github.com/GrayCodeAI/sight/config.go:113.10,114.12 1 1
github.com/GrayCodeAI/sight/config.go:117.3,117.27 1 1
github.com/GrayCodeAI/sight/config.go:117.27,119.12 2 1
github.com/GrayCodeAI/sight/config.go:122.3,122.14 1 1
github.com/GrayCodeAI/sight/config.go:123.16,124.21 1 1
github.com/GrayCodeAI/sight/config.go:125.19,126.40 1 1
github.com/GrayCodeAI/sight/config.go:127.18,128.22 1 1
github.com/GrayCodeAI/sight/config.go:129.21,130.35 1 1
github.com/GrayCodeAI/sight/config.go:130.35,132.5 1 1
github.com/GrayCodeAI/sight/config.go:133.18,134.39 1 1
github.com/GrayCodeAI/sight/config.go:135.22,137.23 2 1
github.com/GrayCodeAI/sight/config.go:138.21,140.23 2 1
github.com/GrayCodeAI/sight/config.go:141.19,143.21 2 1
github.com/GrayCodeAI/sight/config.go:147.2,147.17 1 1
github.com/GrayCodeAI/sight/config.go:152.66,154.13 2 1
github.com/GrayCodeAI/sight/config.go:154.13,156.3 1 1
github.com/GrayCodeAI/sight/config.go:157.2,160.21 3 1
github.com/GrayCodeAI/sight/config.go:160.21,162.54 1 1
github.com/GrayCodeAI/sight/config.go:162.54,164.4 1 1
github.com/GrayCodeAI/sight/config.go:166.2,166.30 1 1
github.com/GrayCodeAI/sight/config.go:169.40,173.26 4 1
github.com/GrayCodeAI/sight/config.go:173.26,176.14 3 1
github.com/GrayCodeAI/sight/config.go:176.14,178.4 1 1
github.com/GrayCodeAI/sight/config.go:180.2,180.15 1 1
github.com/GrayCodeAI/sight/config.go:183.29,185.22 2 1
github.com/GrayCodeAI/sight/config.go:185.22,186.27 1 1
github.com/GrayCodeAI/sight/config.go:186.27,188.4 1 1
github.com/GrayCodeAI/sight/config.go:188.9,189.9 1 1
github.com/GrayCodeAI/sight/config.go:192.2,192.10 1 1
github.com/GrayCodeAI/sight/describe.go:23.90,25.25 2 1
github.com/GrayCodeAI/sight/describe.go:25.25,27.3 1 1
github.com/GrayCodeAI/sight/describe.go:28.2,28.19 1 1
github.com/GrayCodeAI/sight/describe.go:28.19,30.3 1 1
github.com/GrayCodeAI/sight/describe.go:32.2,33.21 2 1
github.com/GrayCodeAI/sight/describe.go:33.21,35.3 1 1
github.com/GrayCodeAI/sight/describe.go:37.2,47.16 3 1
github.com/GrayCodeAI/sight/describe.go:47.16,49.3 1 1
github.com/GrayCodeAI/sight/describe.go:51.2,51.51 1 1
github.com/GrayCodeAI/sight/describe.go:73.67,80.26 6 1
github.com/GrayCodeAI/sight/describe.go:80.26,82.14 2 1
github.com/GrayCodeAI/sight/describe.go:82.14,84.4 1 0
github.com/GrayCodeAI/sight/describe.go:84.9,84.23 1 1
github.com/GrayCodeAI/sight/describe.go:84.23,86.4 1 0
github.com/GrayCodeAI/sight/describe.go:86.9,86.23 1 1
github.com/GrayCodeAI/sight/describe.go:86.23,88.4 1 0
github.com/GrayCodeAI/sight/describe.go:89.3,89.47 1 1
github.com/GrayCodeAI/sight/describe.go:94.2,102.26 7 1
github.com/GrayCodeAI/sight/describe.go:102.26,103.16 1 1
github.com/GrayCodeAI/sight/describe.go:103.16,104.12 1 0
github.com/GrayCodeAI/sight/describe.go:106.3,108.29 3 1
github.com/GrayCodeAI/sight/describe.go:108.29,109.30 1 1
github.com/GrayCodeAI/sight/describe.go:109.30,110.19 1 1
github.com/GrayCodeAI/sight/describe.go:111.25,112.53 1 1
github.com/GrayCodeAI/sight/describe.go:113.27,114.53 1 1
github.com/GrayCodeAI/sight/describe.go:115.27,116.53 1 1
github.com/GrayCodeAI/sight/describe.go:121.3,123.65 3 1
github.com/GrayCodeAI/sight/describe.go:123.65,125.9 2 0
github.com/GrayCodeAI/sight/describe.go:127.3,127.48 1 1
github.com/GrayCodeAI/sight/describe.go:130.2,131.15 2 1
github.com/GrayCodeAI/sight/describe.go:131.15,133.3 1 0
github.com/GrayCodeAI/sight/describe.go:135.2,136.19 2 1
github.com/GrayCodeAI/sight/describe.go:139.72,143.19 3 1
github.com/GrayCodeAI/sight/describe.go:143.19,144.83 1 1
github.com/GrayCodeAI/sight/describe.go:144.83,146.4 1 1
github.com/GrayCodeAI/sight/describe.go:150.2,154.13 5 1
github.com/GrayCodeAI/sight/describe.go:157.41,160.36 2 1
github.com/GrayCodeAI/sight/describe.go:160.36,162.22 2 1
github.com/GrayCodeAI/sight/describe.go:162.22,164.17 2 1
github.com/GrayCodeAI/sight/describe.go:164.17,166.5 1 1
github.com/GrayCodeAI/sight/describe.go:166.10,168.5 1 0
github.com/GrayCodeAI/sight/describe.go:170.8,170.39 1 1
github.com/GrayCodeAI/sight/describe.go:170.39,172.22 2 1
github.com/GrayCodeAI/sight/describe.go:172.22,174.51 2 1
github.com/GrayCodeAI/sight/describe.go:174.51,176.5 1 1
github.com/GrayCodeAI/sight/describe.go:177.4,178.17 2 1
github.com/GrayCodeAI/sight/describe.go:178.17,180.5 1 1
github.com/GrayCodeAI/sight/describe.go:184.2,185.17 2 1
github.com/GrayCodeAI/sight/describe.go:185.17,187.3 1 1
github.com/GrayCodeAI/sight/describe.go:188.2,189.31 2 1
github.com/GrayCodeAI/sight/describe.go:189.31,191.3 1 0
github.com/GrayCodeAI/sight/describe.go:192.2,192.25 1 1
github.com/GrayCodeAI/sight/eval.go:48.91,49.43 1 1
github.com/GrayCodeAI/sight/eval.go:49.43,51.3 1 1
github.com/GrayCodeAI/sight/eval.go:53.2,55.33 2 1
github.com/GrayCodeAI/sight/eval.go:55.33,56.23 1 1
github.com/GrayCodeAI/sight/eval.go:56.23,58.4 1 1
github.com/GrayCodeAI/sight/eval.go:60.3,63.17 3 1
github.com/GrayCodeAI/sight/eval.go:63.17,66.12 3 0
github.com/GrayCodeAI/sight/eval.go:69.3,72.41 2 1
github.com/GrayCodeAI/sight/eval.go:72.41,73.53 1 1
github.com/GrayCodeAI/sight/eval.go:73.53,76.5 1 1
github.com/GrayCodeAI/sight/eval.go:80.3,80.40 1 1
github.com/GrayCodeAI/sight/eval.go:80.40,81.48 1 1
github.com/GrayCodeAI/sight/eval.go:81.48,84.5 1 1
github.com/GrayCodeAI/sight/eval.go:87.3,88.32 2 1
github.com/GrayCodeAI/sight/eval.go:91.2,91.21 1 1
github.com/GrayCodeAI/sight/eval.go:95.53,97.16 2 1
github.com/GrayCodeAI/sight/eval.go:97.16,99.3 1 1
github.com/GrayCodeAI/sight/eval.go:100.2,100.29 1 1
github.com/GrayCodeAI/sight/eval.go:104.54,106.53 2 1
github.com/GrayCodeAI/sight/eval.go:106.53,108.3 1 1
github.com/GrayCodeAI/sight/eval.go:109.2,109.20 1 1
github.com/GrayCodeAI/sight/eval.go:113.75,114.28 1 1
github.com/GrayCodeAI/sight/eval.go:114.28,115.15 1 1
github.com/GrayCodeAI/sight/eval.go:115.15,117.4 1 1
github.com/GrayCodeAI/sight/eval.go:117.9,119.4 1 1
github.com/GrayCodeAI/sight/eval.go:121.2,122.15 2 1
github.com/GrayCodeAI/sight/eval.go:122.15,124.3 1 1
github.com/GrayCodeAI/sight/eval.go:125.2,125.8 1 1
github.com/GrayCodeAI/sight/eval.go:130.69,131.29 1 1
github.com/GrayCodeAI/sight/eval.go:131.29,132.39 1 1
github.com/GrayCodeAI/sight/eval.go:132.39,134.4 1 1
github.com/GrayCodeAI/sight/eval.go:136.2,136.14 1 1
github.com/GrayCodeAI/sight/eval.go:139.68,140.69 1 1
github.com/GrayCodeAI/sight/eval.go:140.69,142.3 1 0
github.com/GrayCodeAI/sight/eval.go:143.2,143.27 1 1
github.com/GrayCodeAI/sight/eval.go:143.27,145.34 2 1
github.com/GrayCodeAI/sight/eval.go:145.34,147.4 1 1
github.com/GrayCodeAI/sight/eval.go:149.2,150.69 1 1
github.com/GrayCodeAI/sight/eval.go:150.69,152.3 1 1
github.com/GrayCodeAI/sight/eval.go:153.2,153.60 1 1
github.com/GrayCodeAI/sight/eval.go:153.60,155.3 1 0
github.com/GrayCodeAI/sight/eval.go:156.2,156.13 1 1
github.com/GrayCodeAI/sight/eval.go:160.60,161.29 1 1
github.com/GrayCodeAI/sight/eval.go:161.29,162.35 1 1
github.com/GrayCodeAI/sight/eval.go:162.35,164.4 1 1
github.com/GrayCodeAI/sight/eval.go:166.2,166.14 1 1
github.com/GrayCodeAI/sight/eval.go:169.59,170.71 1 1
github.com/GrayCodeAI/sight/eval.go:170.71,172.3 1 1
github.com/GrayCodeAI/sight/eval.go:173.2,174.70 1 1
github.com/GrayCodeAI/sight/eval.go:174.70,176.3 1 1
github.com/GrayCodeAI/sight/eval.go:177.2,177.13 1 1
github.com/GrayCodeAI/sight/eval.go:180.54,182.23 2 1
github.com/GrayCodeAI/sight/eval.go:182.23,184.3 1 0
github.com/GrayCodeAI/sight/eval.go:185.2,185.27 1 1
github.com/GrayCodeAI/sight/eval.go:185.27,187.3 1 1
github.com/GrayCodeAI/sight/eval.go:188.2,188.31 1 1
github.com/GrayCodeAI/sight/eval.go:188.31,190.3 1 1
github.com/GrayCodeAI/sight/eval.go:191.2,191.20 1 1
github.com/GrayCodeAI/sight/eval.go:191.20,193.3 1 0
github.com/GrayCodeAI/sight/eval.go:194.2,194.21 1 1
github.com/GrayCodeAI/sight/eval.go:194.21,196.3 1 0
github.com/GrayCodeAI/sight/eval.go:197.2,197.46 1 1
github.com/GrayCodeAI/sight/eval.go:200.45,202.24 2 1
github.com/GrayCodeAI/sight/eval.go:202.24,204.3 1 0
github.com/GrayCodeAI/sight/eval.go:205.2,205.32 1 1
github.com/GrayCodeAI/sight/eval.go:205.32,207.3 1 1
github.com/GrayCodeAI/sight/eval.go:208.2,208.21 1 1
github.com/GrayCodeAI/sight/eval.go:208.21,210.3 1 0
github.com/GrayCodeAI/sight/eval.go:211.2,211.46 1 1
github.com/GrayCodeAI/sight/filter.go:17.41,24.2 1 0
github.com/GrayCodeAI/sight/filter.go:34.90,36.21 1 0
github.com/GrayCodeAI/sight/filter.go:36.21,38.3 1 0
github.com/GrayCodeAI/sight/filter.go:40.2,43.29 3 0
github.com/GrayCodeAI/sight/filter.go:43.29,44.45 1 0
github.com/GrayCodeAI/sight/filter.go:44.45,46.4 1 0
github.com/GrayCodeAI/sight/filter.go:46.9,48.4 1 0
github.com/GrayCodeAI/sight/filter.go:51.2,51.24 1 0
github.com/GrayCodeAI/sight/filter.go:51.24,53.3 1 0
github.com/GrayCodeAI/sight/filter.go:55.2,60.35 5 0
github.com/GrayCodeAI/sight/filter.go:60.35,62.31 2 0
github.com/GrayCodeAI/sight/filter.go:62.31,66.17 3 0
github.com/GrayCodeAI/sight/filter.go:66.17,66.26 1 0
github.com/GrayCodeAI/sight/filter.go:68.4,68.24 1 0
github.com/GrayCodeAI/sight/filter.go:68.24,70.5 1 0
github.com/GrayCodeAI/sight/filter.go:72.4,75.15 4 0
github.com/GrayCodeAI/sight/filter.go:79.2,81.22 2 0
github.com/GrayCodeAI/sight/filter.go:81.22,83.3 1 0
github.com/GrayCodeAI/sight/filter.go:85.2,88.28 3 0
github.com/GrayCodeAI/sight/filter.go:88.28,89.64 1 0
github.com/GrayCodeAI/sight/filter.go:89.64,91.4 1 0
github.com/GrayCodeAI/sight/filter.go:94.2,94.32 1 0
github.com/GrayCodeAI/sight/filter.go:97.118,99.45 2 0
github.com/GrayCodeAI/sight/filter.go:99.45,102.16 3 0
github.com/GrayCodeAI/sight/filter.go:102.16,104.4 1 0
github.com/GrayCodeAI/sight/filter.go:105.3,106.23 2 0
github.com/GrayCodeAI/sight/filter.go:106.23,108.4 1 0
github.com/GrayCodeAI/sight/filter.go:109.3,109.53 1 0
github.com/GrayCodeAI/sight/filter.go:112.2,131.16 4 0
github.com/GrayCodeAI/sight/filter.go:131.16,133.3 1 0
github.com/GrayCodeAI/sight/filter.go:135.2,135.45 1 0
github.com/GrayCodeAI/sight/filter.go:138.67,142.91 3 0
github.com/GrayCodeAI/sight/filter.go:142.91,144.3 1 0
github.com/GrayCodeAI/sight/filter.go:146.2,147.58 2 0
github.com/GrayCodeAI/sight/filter.go:147.58,150.81 3 0
github.com/GrayCodeAI/sight/filter.go:150.81,152.4 1 0
github.com/GrayCodeAI/sight/filter.go:155.2,156.57 2 0
github.com/GrayCodeAI/sight/filter.go:156.57,158.55 2 0
github.com/GrayCodeAI/sight/filter.go:158.55,160.4 1 0
github.com/GrayCodeAI/sight/filter.go:163.2,168.3 1 0
github.com/GrayCodeAI/sight/improve.go:33.91,35.25 2 1
github.com/GrayCodeAI/sight/improve.go:35.25,37.3 1 1
github.com/GrayCodeAI/sight/improve.go:38.2,38.19 1 1
github.com/GrayCodeAI/sight/improve.go:38.19,40.3 1 1
github.com/GrayCodeAI/sight/improve.go:42.2,43.21 2 1
github.com/GrayCodeAI/sight/improve.go:43.21,45.3 1 1
github.com/GrayCodeAI/sight/improve.go:48.2,61.16 5 1
github.com/GrayCodeAI/sight/improve.go:61.16,63.3 1 1
github.com/GrayCodeAI/sight/improve.go:65.2,69.8 2 1
github.com/GrayCodeAI/sight/improve.go:104.51,108.26 3 1
github.com/GrayCodeAI/sight/improve.go:108.26,109.16 1 1
github.com/GrayCodeAI/sight/improve.go:109.16,110.12 1 0
github.com/GrayCodeAI/sight/improve.go:112.3,113.29 2 1
github.com/GrayCodeAI/sight/improve.go:113.29,115.30 2 1
github.com/GrayCodeAI/sight/improve.go:115.30,116.19 1 1
github.com/GrayCodeAI/sight/improve.go:117.25,118.43 1 1
github.com/GrayCodeAI/sight/improve.go:119.27,120.43 1 1
github.com/GrayCodeAI/sight/improve.go:121.27,122.43 1 1
github.com/GrayCodeAI/sight/improve.go:127.2,128.19 2 1
github.com/GrayCodeAI/sight/improve.go:131.55,133.19 2 1
github.com/GrayCodeAI/sight/improve.go:133.19,135.3 1 1
github.com/GrayCodeAI/sight/improve.go:137.2,138.71 2 1
github.com/GrayCodeAI/sight/improve.go:138.71,140.3 1 0
github.com/GrayCodeAI/sight/improve.go:143.2,144.35 2 1
github.com/GrayCodeAI/sight/improve.go:144.35,145.65 1 1
github.com/GrayCodeAI/sight/improve.go:145.65,147.4 1 1
github.com/GrayCodeAI/sight/improve.go:149.2,149.14 1 1
github.com/GrayCodeAI/sight/improve.go:155.77,156.22 1 1
github.com/GrayCodeAI/sight/improve.go:156.22,158.3 1 0
github.com/GrayCodeAI/sight/improve.go:160.2,162.20 3 1
github.com/GrayCodeAI/sight/improve.go:162.20,164.3 1 0
github.com/GrayCodeAI/sight/improve.go:166.2,168.26 3 1
github.com/GrayCodeAI/sight/improve.go:168.26,169.16 1 1
github.com/GrayCodeAI/sight/improve.go:169.16,170.12 1 0
github.com/GrayCodeAI/sight/improve.go:172.3,173.62 2 1
github.com/GrayCodeAI/sight/improve.go:173.62,174.9 1 0
github.com/GrayCodeAI/sight/improve.go:176.3,177.30 2 1
github.com/GrayCodeAI/sight/improve.go:179.2,179.40 1 1
github.com/GrayCodeAI/sight/improve.go:179.40,182.3 1 0
github.com/GrayCodeAI/sight/improve.go:183.2,183.15 1 1
github.com/GrayCodeAI/sight/improve.go:187.48,189.28 2 1
github.com/GrayCodeAI/sight/improve.go:189.28,191.29 2 1
github.com/GrayCodeAI/sight/improve.go:191.29,193.4 1 1
github.com/GrayCodeAI/sight/improve.go:195.2,195.15 1 1
github.com/GrayCodeAI/sight/improve.go:198.40,201.36 2 1
github.com/GrayCodeAI/sight/improve.go:201.36,203.22 2 1
github.com/GrayCodeAI/sight/improve.go:203.22,205.17 2 1
github.com/GrayCodeAI/sight/improve.go:205.17,207.5 1 1
github.com/GrayCodeAI/sight/improve.go:207.10,209.5 1 0
github.com/GrayCodeAI/sight/improve.go:211.8,211.39 1 1
github.com/GrayCodeAI/sight/improve.go:211.39,213.22 2 1
github.com/GrayCodeAI/sight/improve.go:213.22,215.51 2 1
github.com/GrayCodeAI/sight/improve.go:215.51,217.5 1 1
github.com/GrayCodeAI/sight/improve.go:218.4,219.17 2 1
github.com/GrayCodeAI/sight/improve.go:219.17,221.5 1 1
github.com/GrayCodeAI/sight/improve.go:225.2,226.17 2 1
github.com/GrayCodeAI/sight/improve.go:226.17,228.3 1 1
github.com/GrayCodeAI/sight/improve.go:229.2,230.31 2 1
github.com/GrayCodeAI/sight/improve.go:230.31,232.3 1 0
github.com/GrayCodeAI/sight/improve.go:233.2,233.25 1 1
github.com/GrayCodeAI/sight/incremental.go:21.60,23.2 1 1
github.com/GrayCodeAI/sight/incremental.go:26.53,30.2 3 1
github.com/GrayCodeAI/sight/incremental.go:33.59,37.2 3 1
github.com/GrayCodeAI/sight/incremental.go:47.122,48.18 1 0
github.com/GrayCodeAI/sight/incremental.go:48.18,49.50 1 0
github.com/GrayCodeAI/sight/incremental.go:49.50,51.4 1 0
github.com/GrayCodeAI/sight/incremental.go:54.2,55.16 2 0
github.com/GrayCodeAI/sight/incremental.go:55.16,57.3 1 0
github.com/GrayCodeAI/sight/incremental.go:59.2,59.39 1 0
github.com/GrayCodeAI/sight/incremental.go:59.39,61.19 2 0
github.com/GrayCodeAI/sight/incremental.go:61.19,63.4 1 0
github.com/GrayCodeAI/sight/incremental.go:64.3,64.21 1 0
github.com/GrayCodeAI/sight/incremental.go:67.2,69.16 3 0
github.com/GrayCodeAI/sight/incremental.go:69.16,71.3 1 0
github.com/GrayCodeAI/sight/incremental.go:73.2,73.18 1 0
github.com/GrayCodeAI/sight/incremental.go:73.18,75.3 1 0
github.com/GrayCodeAI/sight/incremental.go:77.2,77.20 1 0
github.com/GrayCodeAI/sight/incremental.go:81.75,83.34 1 0
github.com/GrayCodeAI/sight/incremental.go:83.34,87.3 3 0
github.com/GrayCodeAI/sight/incremental.go:90.2,91.16 2 0
github.com/GrayCodeAI/sight/incremental.go:91.16,93.3 1 0
github.com/GrayCodeAI/sight/incremental.go:96.2,97.16 2 0
github.com/GrayCodeAI/sight/incremental.go:97.16,99.3 1 0
github.com/GrayCodeAI/sight/incremental.go:100.2,100.25 1 0
github.com/GrayCodeAI/sight/multi_concern.go:23.38,62.2 1 0
github.com/GrayCodeAI/sight/multi_concern.go:64.74,68.32 3 0
github.com/GrayCodeAI/sight/multi_concern.go:68.32,69.17 1 0
github.com/GrayCodeAI/sight/multi_concern.go:69.17,70.12 1 0
github.com/GrayCodeAI/sight/multi_concern.go:73.3,73.17 1 0
github.com/GrayCodeAI/sight/multi_concern.go:74.24,75.38 1 0
github.com/GrayCodeAI/sight/multi_concern.go:75.38,77.5 1 0
github.com/GrayCodeAI/sight/multi_concern.go:78.28,79.58 1 0
github.com/GrayCodeAI/sight/multi_concern.go:79.58,81.5 1 0
github.com/GrayCodeAI/sight/multi_concern.go:82.27,83.41 1 0
github.com/GrayCodeAI/sight/multi_concern.go:83.41,85.5 1 0
github.com/GrayCodeAI/sight/multi_concern.go:86.11,87.36 1 0
github.com/GrayCodeAI/sight/multi_concern.go:91.2,91.25 1 0
github.com/GrayCodeAI/sight/multi_concern.go:91.25,92.33 1 0
github.com/GrayCodeAI/sight/multi_concern.go:92.33,93.87 1 0
github.com/GrayCodeAI/sight/multi_concern.go:93.87,95.5 1 0
github.com/GrayCodeAI/sight/multi_concern.go:99.2,99.18 1 0
github.com/GrayCodeAI/sight/multi_concern.go:102.48,106.28 2 0
github.com/GrayCodeAI/sight/multi_concern.go:106.28,107.32 1 0
github.com/GrayCodeAI/sight/multi_concern.go:107.32,109.4 1 0
github.com/GrayCodeAI/sight/multi_concern.go:111.2,111.14 1 0
github.com/GrayCodeAI/sight/multi_concern.go:114.40,117.29 3 0
github.com/GrayCodeAI/sight/multi_concern.go:117.29,118.35 1 0
github.com/GrayCodeAI/sight/multi_concern.go:118.35,121.42 2 0
github.com/GrayCodeAI/sight/multi_concern.go:121.42,123.5 1 0
github.com/GrayCodeAI/sight/multi_concern.go:126.2,126.27 1 0
github.com/GrayCodeAI/sight/multi_concern.go:129.41,132.2 1 0
github.com/GrayCodeAI/sight/multi_concern.go:134.51,137.28 2 0
github.com/GrayCodeAI/sight/multi_concern.go:137.28,138.32 1 0
github.com/GrayCodeAI/sight/multi_concern.go:138.32,140.4 1 0
github.com/GrayCodeAI/sight/multi_concern.go:142.2,142.14 1 0
github.com/GrayCodeAI/sight/options.go:27.35,27.43 1 1
github.com/GrayCodeAI/sight/options.go:61.30,73.2 1 1
github.com/GrayCodeAI/sight/options.go:75.41,77.25 2 1
github.com/GrayCodeAI/sight/options.go:77.25,79.3 1 1
github.com/GrayCodeAI/sight/options.go:80.2,80.12 1 1
github.com/GrayCodeAI/sight/options.go:86.44,91.2 4 1
github.com/GrayCodeAI/sight/options.go:94.47,100.2 5 1
github.com/GrayCodeAI/sight/options.go:103.52,108.2 4 1
github.com/GrayCodeAI/sight/options.go:111.41,116.2 4 1
github.com/GrayCodeAI/sight/options.go:120.38,121.33 1 1
github.com/GrayCodeAI/sight/options.go:121.33,121.51 1 1
github.com/GrayCodeAI/sight/options.go:124.37,125.33 1 1
github.com/GrayCodeAI/sight/options.go:125.33,125.52 1 0
github.com/GrayCodeAI/sight/options.go:128.46,129.33 1 1
github.com/GrayCodeAI/sight/options.go:129.33,129.58 1 1
github.com/GrayCodeAI/sight/options.go:132.34,133.33 1 1
github.com/GrayCodeAI/sight/options.go:133.33,134.12 1 0
github.com/GrayCodeAI/sight/options.go:134.12,136.4 1 0
github.com/GrayCodeAI/sight/options.go:140.37,141.33 1 0
github.com/GrayCodeAI/sight/options.go:141.33,142.13 1 0
github.com/GrayCodeAI/sight/options.go:142.13,144.4 1 0
github.com/GrayCodeAI/sight/options.go:148.38,149.33 1 1
github.com/GrayCodeAI/sight/options.go:149.33,149.51 1 0
github.com/GrayCodeAI/sight/options.go:152.42,153.33 1 1
github.com/GrayCodeAI/sight/options.go:153.33,153.59 1 1
github.com/GrayCodeAI/sight/options.go:156.39,157.33 1 0
github.com/GrayCodeAI/sight/options.go:157.33,157.56 1 0
github.com/GrayCodeAI/sight/options.go:160.40,161.33 1 1
github.com/GrayCodeAI/sight/options.go:161.33,161.57 1 1
github.com/GrayCodeAI/sight/options.go:164.42,165.33 1 1
github.com/GrayCodeAI/sight/options.go:165.33,165.59 1 0
github.com/GrayCodeAI/sight/options.go:170.45,171.33 1 1
github.com/GrayCodeAI/sight/options.go:171.33,171.57 1 0
github.com/GrayCodeAI/sight/options.go:176.33,177.33 1 0
github.com/GrayCodeAI/sight/options.go:177.33,178.24 1 0
github.com/GrayCodeAI/sight/options.go:178.24,180.4 1 0
github.com/GrayCodeAI/sight/options.go:185.44,186.33 1 0
github.com/GrayCodeAI/sight/options.go:186.33,186.59 1 0
github.com/GrayCodeAI/sight/options.go:192.45,193.33 1 0
github.com/GrayCodeAI/sight/options.go:193.33,193.56 1 0
github.com/GrayCodeAI/sight/reviewer.go:26.44,28.2 1 1
github.com/GrayCodeAI/sight/reviewer.go:31.81,32.22 1 1
github.com/GrayCodeAI/sight/reviewer.go:32.22,34.3 1 0
github.com/GrayCodeAI/sight/reviewer.go:35.2,35.27 1 1
github.com/GrayCodeAI/sight/reviewer.go:35.27,37.3 1 1
github.com/GrayCodeAI/sight/reviewer.go:38.2,38.19 1 1
github.com/GrayCodeAI/sight/reviewer.go:38.19,40.3 1 1
github.com/GrayCodeAI/sight/reviewer.go:42.2,43.21 2 1
github.com/GrayCodeAI/sight/reviewer.go:43.21,45.3 1 0
github.com/GrayCodeAI/sight/reviewer.go:48.2,48.28 1 1
github.com/GrayCodeAI/sight/reviewer.go:48.28,50.22 2 1
github.com/GrayCodeAI/sight/reviewer.go:50.22,52.4 1 0
github.com/GrayCodeAI/sight/reviewer.go:56.2,57.22 2 1
github.com/GrayCodeAI/sight/reviewer.go:57.22,59.27 2 1
github.com/GrayCodeAI/sight/reviewer.go:59.27,61.4 1 1
github.com/GrayCodeAI/sight/reviewer.go:62.3,63.49 2 1
github.com/GrayCodeAI/sight/reviewer.go:66.2,68.35 2 1
github.com/GrayCodeAI/sight/reviewer.go:68.35,70.3 1 0
github.com/GrayCodeAI/sight/reviewer.go:72.2,82.45 3 1
github.com/GrayCodeAI/sight/reviewer.go:82.45,90.32 5 1
github.com/GrayCodeAI/sight/reviewer.go:90.32,92.27 2 1
github.com/GrayCodeAI/sight/reviewer.go:92.27,94.5 1 1
github.com/GrayCodeAI/sight/reviewer.go:96.4,97.32 2 1
github.com/GrayCodeAI/sight/reviewer.go:97.32,99.5 1 0
github.com/GrayCodeAI/sight/reviewer.go:101.4,110.18 2 1
github.com/GrayCodeAI/sight/reviewer.go:110.18,111.13 1 1
github.com/GrayCodeAI/sight/reviewer.go:114.4,116.36 3 1
github.com/GrayCodeAI/sight/reviewer.go:119.3,123.14 5 1
github.com/GrayCodeAI/sight/reviewer.go:126.2,126.41 1 1
github.com/GrayCodeAI/sight/reviewer.go:126.41,128.36 2 1
github.com/GrayCodeAI/sight/reviewer.go:128.36,130.30 2 1
github.com/GrayCodeAI/sight/reviewer.go:130.30,133.5 2 1
github.com/GrayCodeAI/sight/reviewer.go:135.3,135.12 1 1
github.com/GrayCodeAI/sight/reviewer.go:136.8,137.36 1 1
github.com/GrayCodeAI/sight/reviewer.go:137.36,139.4 1 1
github.com/GrayCodeAI/sight/reviewer.go:142.2,145.66 2 1
github.com/GrayCodeAI/sight/reviewer.go:145.66,147.3 1 0
github.com/GrayCodeAI/sight/reviewer.go:149.2,149.46 1 1
github.com/GrayCodeAI/sight/reviewer.go:149.46,150.57 1 1
github.com/GrayCodeAI/sight/reviewer.go:150.57,152.4 1 1
github.com/GrayCodeAI/sight/reviewer.go:153.3,153.49 1 0
github.com/GrayCodeAI/sight/reviewer.go:153.49,155.4 1 0
github.com/GrayCodeAI/sight/reviewer.go:156.3,156.51 1 0
github.com/GrayCodeAI/sight/reviewer.go:159.2,160.32 2 1
github.com/GrayCodeAI/sight/reviewer.go:160.32,171.3 1 1
github.com/GrayCodeAI/sight/reviewer.go:172.2,176.32 4 1
github.com/GrayCodeAI/sight/reviewer.go:176.32,179.3 2 1
github.com/GrayCodeAI/sight/reviewer.go:181.2,196.32 3 1
github.com/GrayCodeAI/sight/reviewer.go:196.32,208.3 1 1
github.com/GrayCodeAI/sight/reviewer.go:209.2,218.32 2 1
github.com/GrayCodeAI/sight/reviewer.go:218.32,220.3 1 1
github.com/GrayCodeAI/sight/reviewer.go:221.2,223.20 2 1
github.com/GrayCodeAI/sight/reviewer.go:227.90,228.27 1 0
github.com/GrayCodeAI/sight/reviewer.go:228.27,230.3 1 0
github.com/GrayCodeAI/sight/reviewer.go:231.2,232.26 2 0
github.com/GrayCodeAI/sight/reviewer.go:232.26,239.3 1 0
github.com/GrayCodeAI/sight/reviewer.go:240.2,241.32 2 0
github.com/GrayCodeAI/sight/reviewer.go:244.60,246.29 2 1
github.com/GrayCodeAI/sight/reviewer.go:246.29,249.16 2 1
github.com/GrayCodeAI/sight/reviewer.go:249.16,251.4 1 1
github.com/GrayCodeAI/sight/reviewer.go:252.3,262.4 1 1
github.com/GrayCodeAI/sight/reviewer.go:264.2,264.12 1 1
github.com/GrayCodeAI/sight/reviewer.go:267.66,269.29 2 1
github.com/GrayCodeAI/sight/reviewer.go:269.29,277.3 1 1
github.com/GrayCodeAI/sight/reviewer.go:278.2,278.12 1 1
github.com/GrayCodeAI/sight/reviewer.go:281.42,289.29 4 1
github.com/GrayCodeAI/sight/reviewer.go:289.29,291.14 2 1
github.com/GrayCodeAI/sight/reviewer.go:291.14,292.12 1 1
github.com/GrayCodeAI/sight/reviewer.go:294.3,295.29 2 1
github.com/GrayCodeAI/sight/reviewer.go:297.2,297.15 1 1
github.com/GrayCodeAI/sight/reviewer.go:300.40,302.26 2 1
github.com/GrayCodeAI/sight/reviewer.go:302.26,304.3 1 1
github.com/GrayCodeAI/sight/reviewer.go:305.2,305.14 1 1
github.com/GrayCodeAI/sight/reviewer.go:310.68,312.26 2 1
github.com/GrayCodeAI/sight/reviewer.go:312.26,313.40 1 1
github.com/GrayCodeAI/sight/reviewer.go:313.40,315.4 1 1
github.com/GrayCodeAI/sight/reviewer.go:317.2,317.15 1 1
github.com/GrayCodeAI/sight/reviewer.go:322.58,324.35 2 1
github.com/GrayCodeAI/sight/reviewer.go:324.35,327.37 1 1
github.com/GrayCodeAI/sight/reviewer.go:327.37,328.60 1 0
github.com/GrayCodeAI/sight/reviewer.go:328.60,330.5 1 0
github.com/GrayCodeAI/sight/reviewer.go:331.9,333.23 1 1
github.com/GrayCodeAI/sight/reviewer.go:333.23,335.5 1 0
github.com/GrayCodeAI/sight/reviewer.go:337.4,337.60 1 1
github.com/GrayCodeAI/sight/reviewer.go:337.60,339.5 1 0
github.com/GrayCodeAI/sight/reviewer.go:342.2,342.14 1 1
github.com/GrayCodeAI/sight/reviewer.go:346.112,348.29 2 0
github.com/GrayCodeAI/sight/reviewer.go:348.29,359.3 1 0
github.com/GrayCodeAI/sight/reviewer.go:361.2,371.16 3 0
github.com/GrayCodeAI/sight/reviewer.go:371.16,373.3 1 0
github.com/GrayCodeAI/sight/reviewer.go:375.2,378.27 3 0
github.com/GrayCodeAI/sight/reviewer.go:378.27,380.3 1 0
github.com/GrayCodeAI/sight/reviewer.go:382.2,383.36 2 0
github.com/GrayCodeAI/sight/rules.go:19.42,45.30 4 1
github.com/GrayCodeAI/sight/rules.go:45.30,46.34 1 1
github.com/GrayCodeAI/sight/rules.go:46.34,48.18 2 1
github.com/GrayCodeAI/sight/rules.go:48.18,49.13 1 0
github.com/GrayCodeAI/sight/rules.go:51.4,52.21 2 1
github.com/GrayCodeAI/sight/rules.go:52.21,53.13 1 1
github.com/GrayCodeAI/sight/rules.go:55.4,55.19 1 1
github.com/GrayCodeAI/sight/rules.go:55.19,57.5 1 1
github.com/GrayCodeAI/sight/rules.go:58.4,63.18 5 1
github.com/GrayCodeAI/sight/rules.go:63.18,65.5 1 0
github.com/GrayCodeAI/sight/rules.go:66.4,68.26 3 1
github.com/GrayCodeAI/sight/rules.go:72.2,72.19 1 1
github.com/GrayCodeAI/sight/rules.go:76.41,78.37 2 1
github.com/GrayCodeAI/sight/rules.go:78.37,80.3 1 1
github.com/GrayCodeAI/sight/rules.go:81.2,81.16 1 1
github.com/GrayCodeAI/sight/rules.go:85.41,86.41 1 1
github.com/GrayCodeAI/sight/rules.go:86.41,88.3 1 1
github.com/GrayCodeAI/sight/rules.go:89.2,89.12 1 1
github.com/GrayCodeAI/sight/severity.go:18.35,19.33 1 0
github.com/GrayCodeAI/sight/severity.go:19.33,21.3 1 0
github.com/GrayCodeAI/sight/severity.go:22.2,22.18 1 0
github.com/GrayCodeAI/sight/severity.go:26.39,27.47 1 1
github.com/GrayCodeAI/sight/severity.go:28.18,29.26 1 1
github.com/GrayCodeAI/sight/severity.go:30.14,31.22 1 1
github.com/GrayCodeAI/sight/severity.go:32.16,33.24 1 0
github.com/GrayCodeAI/sight/severity.go:34.13,35.21 1 0
github.com/GrayCodeAI/sight/severity.go:36.10,37.22 1 0
github.com/GrayCodeAI/sight/severity.go:42.52,44.2 1 1
github.com/GrayCodeAI/sight/sight.go:72.32,73.31 1 1
github.com/GrayCodeAI/sight/sight.go:73.31,74.35 1 1
github.com/GrayCodeAI/sight/sight.go:74.35,76.4 1 1
github.com/GrayCodeAI/sight/sight.go:78.2,78.14 1 1
github.com/GrayCodeAI/sight/sight.go:82.41,84.31 2 1
github.com/GrayCodeAI/sight/sight.go:84.31,85.23 1 1
github.com/GrayCodeAI/sight/sight.go:85.23,87.4 1 1
github.com/GrayCodeAI/sight/sight.go:89.2,89.12 1 1
github.com/GrayCodeAI/sight/sight.go:108.80,111.2 2 1
github.com/GrayCodeAI/sight/internal/comment/comment.go:58.71,60.2 1 1
github.com/GrayCodeAI/sight/internal/comment/comment.go:64.96,68.29 3 1
github.com/GrayCodeAI/sight/internal/comment/comment.go:68.29,71.15 2 1
github.com/GrayCodeAI/sight/internal/comment/comment.go:72.19,74.48 1 1
github.com/GrayCodeAI/sight/internal/comment/comment.go:76.19,78.14 1 1
github.com/GrayCodeAI/sight/internal/comment/comment.go:78.14,80.5 1 1
github.com/GrayCodeAI/sight/internal/comment/comment.go:82.26,85.51 1 1
github.com/GrayCodeAI/sight/internal/comment/comment.go:85.51,87.5 1 1
github.com/GrayCodeAI/sight/internal/comment/comment.go:89.11,91.44 1 1
github.com/GrayCodeAI/sight/internal/comment/comment.go:91.44,93.5 1 1
github.com/GrayCodeAI/sight/internal/comment/comment.go:97.2,97.17 1 1
github.com/GrayCodeAI/sight/internal/comment/comment.go:100.59,102.26 2 1
github.com/GrayCodeAI/sight/internal/comment/comment.go:102.26,104.3 1 1
github.com/GrayCodeAI/sight/internal/comment/comment.go:105.2,105.10 1 1
github.com/GrayCodeAI/sight/internal/comment/comment.go:108.46,109.34 1 1
github.com/GrayCodeAI/sight/internal/comment/comment.go:109.34,112.35 3 1
github.com/GrayCodeAI/sight/internal/comment/comment.go:112.35,114.4 1 1
github.com/GrayCodeAI/sight/internal/comment/comment.go:116.2,116.14 1 1
github.com/GrayCodeAI/sight/internal/comment/comment.go:121.53,122.34 1 1
github.com/GrayCodeAI/sight/internal/comment/comment.go:122.34,127.41 3 1
github.com/GrayCodeAI/sight/internal/comment/comment.go:127.41,129.4 1 1
github.com/GrayCodeAI/sight/internal/comment/comment.go:131.3,131.32 1 1
github.com/GrayCodeAI/sight/internal/comment/comment.go:131.32,132.44 1 1
github.com/GrayCodeAI/sight/internal/comment/comment.go:132.44,134.5 1 0
github.com/GrayCodeAI/sight/internal/comment/comment.go:137.2,137.14 1 1
github.com/GrayCodeAI/sight/internal/comment/comment.go:140.42,145.52 4 1
github.com/GrayCodeAI/sight/internal/comment/comment.go:145.52,147.3 1 1
github.com/GrayCodeAI/sight/internal/comment/comment.go:149.2,151.23 2 1
github.com/GrayCodeAI/sight/internal/comment/comment.go:151.23,153.3 1 0
github.com/GrayCodeAI/sight/internal/comment/comment.go:155.2,162.41 2 1
github.com/GrayCodeAI/sight/internal/comment/comment.go:162.41,164.3 1 1
github.com/GrayCodeAI/sight/internal/comment/comment.go:164.8,164.24 1 1
github.com/GrayCodeAI/sight/internal/comment/comment.go:164.24,166.3 1 1
github.com/GrayCodeAI/sight/internal/comment/comment.go:168.2,168.10 1 1
github.com/GrayCodeAI/sight/internal/comment/comment.go:171.35,173.33 2 1
github.com/GrayCodeAI/sight/internal/comment/comment.go:173.33,174.31 1 1
github.com/GrayCodeAI/sight/internal/comment/comment.go:174.31,176.4 1 1
github.com/GrayCodeAI/sight/internal/comment/comment.go:178.2,178.14 1 1
github.com/GrayCodeAI/sight/internal/context/git.go:20.43,22.26 2 0
github.com/GrayCodeAI/sight/internal/context/git.go:22.26,24.54 2 0
github.com/GrayCodeAI/sight/internal/context/git.go:24.54,26.4 1 0
github.com/GrayCodeAI/sight/internal/context/git.go:27.3,27.32 1 0
github.com/GrayCodeAI/sight/internal/context/git.go:29.2,29.16 1 0
github.com/GrayCodeAI/sight/internal/context/git.go:33.51,34.24 1 1
github.com/GrayCodeAI/sight/internal/context/git.go:34.24,36.3 1 1
github.com/GrayCodeAI/sight/internal/context/git.go:38.2,41.30 3 1
github.com/GrayCodeAI/sight/internal/context/git.go:41.30,42.33 1 1
github.com/GrayCodeAI/sight/internal/context/git.go:42.33,43.12 1 1
github.com/GrayCodeAI/sight/internal/context/git.go:45.3,46.38 2 1
github.com/GrayCodeAI/sight/internal/context/git.go:46.38,48.4 1 1
github.com/GrayCodeAI/sight/internal/context/git.go:49.3,49.28 1 1
github.com/GrayCodeAI/sight/internal/context/git.go:49.28,51.4 1 1
github.com/GrayCodeAI/sight/internal/context/git.go:52.3,52.22 1 1
github.com/GrayCodeAI/sight/internal/context/git.go:55.2,55.19 1 1
github.com/GrayCodeAI/sight/internal/context/git.go:59.44,61.16 2 0
github.com/GrayCodeAI/sight/internal/context/git.go:61.16,63.18 2 0
github.com/GrayCodeAI/sight/internal/context/git.go:63.18,65.4 1 0
github.com/GrayCodeAI/sight/internal/context/git.go:66.3,66.27 1 0
github.com/GrayCodeAI/sight/internal/context/git.go:68.2,68.25 1 0
github.com/GrayCodeAI/sight/internal/context/git.go:72.50,74.16 2 0
github.com/GrayCodeAI/sight/internal/context/git.go:74.16,76.3 1 0
github.com/GrayCodeAI/sight/internal/context/git.go:77.2,78.39 2 0
github.com/GrayCodeAI/sight/internal/context/git.go:78.39,80.3 1 0
github.com/GrayCodeAI/sight/internal/context/git.go:81.2,81.19 1 0
github.com/GrayCodeAI/sight/internal/context/git.go:85.65,91.16 3 0
github.com/GrayCodeAI/sight/internal/context/git.go:91.16,93.3 1 0
github.com/GrayCodeAI/sight/internal/context/git.go:95.2,95.44 1 0
github.com/GrayCodeAI/sight/internal/context/git.go:98.58,100.16 2 0
github.com/GrayCodeAI/sight/internal/context/git.go:100.16,102.3 1 0
github.com/GrayCodeAI/sight/internal/context/git.go:103.2,104.16 2 0
github.com/GrayCodeAI/sight/internal/context/git.go:104.16,106.3 1 0
github.com/GrayCodeAI/sight/internal/context/git.go:107.2,107.39 1 0
github.com/GrayCodeAI/sight/internal/context/git.go:110.46,113.29 3 1
github.com/GrayCodeAI/sight/internal/context/git.go:113.29,114.41 1 1
github.com/GrayCodeAI/sight/internal/context/git.go:114.41,117.4 2 1
github.com/GrayCodeAI/sight/internal/context/git.go:119.2,119.23 1 1
github.com/GrayCodeAI/sight/internal/context/git.go:119.23,121.3 1 1
github.com/GrayCodeAI/sight/internal/context/git.go:122.2,123.37 2 1
github.com/GrayCodeAI/sight/internal/context/git.go:123.37,125.3 1 1
github.com/GrayCodeAI/sight/internal/context/git.go:126.2,126.34 1 1
github.com/GrayCodeAI/sight/internal/review/budget.go:13.35,14.17 1 1
github.com/GrayCodeAI/sight/internal/review/budget.go:14.17,16.3 1 1
github.com/GrayCodeAI/sight/internal/review/budget.go:18.2,19.16 2 1
github.com/GrayCodeAI/sight/internal/review/budget.go:19.16,22.3 1 0
github.com/GrayCodeAI/sight/internal/review/budget.go:26.2,28.21 3 1
github.com/GrayCodeAI/sight/internal/review/budget.go:28.21,30.3 1 1
github.com/GrayCodeAI/sight/internal/review/budget.go:30.8,32.3 1 1
github.com/GrayCodeAI/sight/internal/review/budget.go:34.2,35.16 2 1
github.com/GrayCodeAI/sight/internal/review/budget.go:35.16,37.3 1 0
github.com/GrayCodeAI/sight/internal/review/budget.go:38.2,38.15 1 1
github.com/GrayCodeAI/sight/internal/review/budget.go:43.62,48.26 4 1
github.com/GrayCodeAI/sight/internal/review/budget.go:48.26,51.17 2 1
github.com/GrayCodeAI/sight/internal/review/budget.go:51.17,52.15 1 1
github.com/GrayCodeAI/sight/internal/review/budget.go:52.15,55.5 2 1
github.com/GrayCodeAI/sight/internal/review/budget.go:56.9,57.14 1 1
github.com/GrayCodeAI/sight/internal/review/budget.go:57.14,59.46 2 1
github.com/GrayCodeAI/sight/internal/review/budget.go:59.46,61.6 1 1
github.com/GrayCodeAI/sight/internal/review/budget.go:62.5,62.19 1 1
github.com/GrayCodeAI/sight/internal/review/budget.go:66.4,66.27 1 1
github.com/GrayCodeAI/sight/internal/review/budget.go:66.27,69.5 2 1
github.com/GrayCodeAI/sight/internal/review/budget.go:72.2,72.12 1 1
github.com/GrayCodeAI/sight/internal/review/budget.go:72.12,74.43 2 1
github.com/GrayCodeAI/sight/internal/review/budget.go:74.43,76.4 1 1
github.com/GrayCodeAI/sight/internal/review/budget.go:79.2,79.30 1 1
github.com/GrayCodeAI/sight/internal/review/budget.go:85.42,91.25 5 1
github.com/GrayCodeAI/sight/internal/review/budget.go:91.25,92.10 1 1
github.com/GrayCodeAI/sight/internal/review/budget.go:93.27,94.19 1 1
github.com/GrayCodeAI/sight/internal/review/budget.go:95.27,96.19 1 1
github.com/GrayCodeAI/sight/internal/review/budget.go:97.27,98.19 1 1
github.com/GrayCodeAI/sight/internal/review/budget.go:99.17,100.24 1 1
github.com/GrayCodeAI/sight/internal/review/budget.go:105.2,105.43 1 1
github.com/GrayCodeAI/sight/internal/review/budget.go:105.43,107.30 1 1
github.com/GrayCodeAI/sight/internal/review/budget.go:107.30,108.26 1 1
github.com/GrayCodeAI/sight/internal/review/budget.go:108.26,110.5 1 1
github.com/GrayCodeAI/sight/internal/review/budget.go:114.2,114.19 1 1
github.com/GrayCodeAI/sight/internal/review/budget.go:114.19,116.3 1 1
github.com/GrayCodeAI/sight/internal/review/budget.go:118.2,118.40 1 1
github.com/GrayCodeAI/sight/internal/review/budget.go:118.40,120.3 1 1
github.com/GrayCodeAI/sight/internal/review/budget.go:122.2,122.14 1 1
github.com/GrayCodeAI/sight/internal/review/budget.go:127.106,128.26 1 1
github.com/GrayCodeAI/sight/internal/review/budget.go:128.26,130.3 1 1
github.com/GrayCodeAI/sight/internal/review/budget.go:132.2,136.20 4 1
github.com/GrayCodeAI/sight/internal/review/budget.go:136.20,138.3 1 1
github.com/GrayCodeAI/sight/internal/review/budget.go:140.2,144.26 4 1
github.com/GrayCodeAI/sight/internal/review/budget.go:144.26,146.63 2 1
github.com/GrayCodeAI/sight/internal/review/budget.go:146.63,150.4 3 1
github.com/GrayCodeAI/sight/internal/review/budget.go:151.3,152.30 2 1
github.com/GrayCodeAI/sight/internal/review/budget.go:154.2,154.22 1 1
github.com/GrayCodeAI/sight/internal/review/budget.go:154.22,156.3 1 1
github.com/GrayCodeAI/sight/internal/review/budget.go:158.2,158.15 1 1
github.com/GrayCodeAI/sight/internal/review/budget.go:161.42,163.28 2 1
github.com/GrayCodeAI/sight/internal/review/budget.go:163.28,165.29 2 1
github.com/GrayCodeAI/sight/internal/review/budget.go:165.29,167.4 1 1
github.com/GrayCodeAI/sight/internal/review/budget.go:169.2,169.15 1 1
github.com/GrayCodeAI/sight/internal/review/concerns.go:35.30,113.2 1 1
github.com/GrayCodeAI/sight/internal/review/concerns.go:116.46,117.21 1 1
github.com/GrayCodeAI/sight/internal/review/concerns.go:117.21,119.3 1 1
github.com/GrayCodeAI/sight/internal/review/concerns.go:120.2,122.26 3 1
github.com/GrayCodeAI/sight/internal/review/concerns.go:122.26,124.3 1 1
github.com/GrayCodeAI/sight/internal/review/concerns.go:125.2,126.24 2 1
github.com/GrayCodeAI/sight/internal/review/concerns.go:126.24,127.22 1 1
github.com/GrayCodeAI/sight/internal/review/concerns.go:127.22,129.4 1 1
github.com/GrayCodeAI/sight/internal/review/concerns.go:131.2,131.15 1 1
github.com/GrayCodeAI/sight/internal/review/cwe.go:93.43,95.34 2 1
github.com/GrayCodeAI/sight/internal/review/cwe.go:95.34,96.40 1 1
github.com/GrayCodeAI/sight/internal/review/cwe.go:96.40,97.40 1 1
github.com/GrayCodeAI/sight/internal/review/cwe.go:97.40,99.5 1 1
github.com/GrayCodeAI/sight/internal/review/cwe.go:102.2,102.11 1 1
github.com/GrayCodeAI/sight/internal/review/cwe.go:106.38,107.34 1 1
github.com/GrayCodeAI/sight/internal/review/cwe.go:107.34,108.19 1 1
github.com/GrayCodeAI/sight/internal/review/cwe.go:108.19,110.4 1 1
github.com/GrayCodeAI/sight/internal/review/cwe.go:112.2,112.11 1 1
github.com/GrayCodeAI/sight/internal/review/prompt.go:13.43,40.2 1 1
github.com/GrayCodeAI/sight/internal/review/prompt.go:43.79,48.29 3 1
github.com/GrayCodeAI/sight/internal/review/prompt.go:48.29,49.19 1 1
github.com/GrayCodeAI/sight/internal/review/prompt.go:49.19,50.12 1 1
github.com/GrayCodeAI/sight/internal/review/prompt.go:52.3,53.19 2 1
github.com/GrayCodeAI/sight/internal/review/prompt.go:53.19,55.4 1 1
github.com/GrayCodeAI/sight/internal/review/prompt.go:56.3,56.17 1 1
github.com/GrayCodeAI/sight/internal/review/prompt.go:56.17,58.4 1 1
github.com/GrayCodeAI/sight/internal/review/prompt.go:59.3,61.35 2 1
github.com/GrayCodeAI/sight/internal/review/prompt.go:61.35,67.36 2 1
github.com/GrayCodeAI/sight/internal/review/prompt.go:67.36,68.22 1 1
github.com/GrayCodeAI/sight/internal/review/prompt.go:69.25,70.55 1 1
github.com/GrayCodeAI/sight/internal/review/prompt.go:71.27,72.55 1 1
github.com/GrayCodeAI/sight/internal/review/prompt.go:73.27,74.55 1 1
github.com/GrayCodeAI/sight/internal/review/prompt.go:79.3,79.27 1 1
github.com/GrayCodeAI/sight/internal/review/prompt.go:82.2,85.19 3 1
github.com/GrayCodeAI/sight/internal/review/prompt.go:90.48,92.26 2 1
github.com/GrayCodeAI/sight/internal/review/prompt.go:92.26,93.16 1 1
github.com/GrayCodeAI/sight/internal/review/prompt.go:93.16,94.12 1 1
github.com/GrayCodeAI/sight/internal/review/prompt.go:96.3,97.16 2 1
github.com/GrayCodeAI/sight/internal/review/prompt.go:97.16,99.4 1 0
github.com/GrayCodeAI/sight/internal/review/prompt.go:100.3,100.18 1 1
github.com/GrayCodeAI/sight/internal/review/prompt.go:102.2,102.24 1 1
github.com/GrayCodeAI/sight/internal/review/prompt.go:102.24,104.3 1 0
github.com/GrayCodeAI/sight/internal/review/prompt.go:107.2,112.35 3 1
github.com/GrayCodeAI/sight/internal/review/prompt.go:112.35,114.3 1 1
github.com/GrayCodeAI/sight/internal/review/prompt.go:115.2,115.42 1 1
github.com/GrayCodeAI/sight/internal/review/prompt.go:115.42,116.43 1 0
github.com/GrayCodeAI/sight/internal/review/prompt.go:116.43,118.4 1 0
github.com/GrayCodeAI/sight/internal/review/prompt.go:119.3,119.41 1 0
github.com/GrayCodeAI/sight/internal/review/prompt.go:123.2,153.23 4 1
github.com/GrayCodeAI/sight/internal/review/prompt.go:153.23,155.3 1 0
github.com/GrayCodeAI/sight/internal/review/prompt.go:157.2,161.28 5 1
github.com/GrayCodeAI/sight/internal/review/prompt.go:161.28,162.12 1 1
github.com/GrayCodeAI/sight/internal/review/prompt.go:162.12,164.4 1 0
github.com/GrayCodeAI/sight/internal/review/prompt.go:165.3,165.54 1 1
github.com/GrayCodeAI/sight/internal/review/prompt.go:167.2,168.19 2 1
github.com/GrayCodeAI/sight/internal/review/prompt.go:174.87,180.54 3 1
github.com/GrayCodeAI/sight/internal/review/prompt.go:180.54,183.3 2 1
github.com/GrayCodeAI/sight/internal/review/prompt.go:185.2,185.29 1 1
github.com/GrayCodeAI/sight/internal/review/prompt.go:185.29,186.19 1 1
github.com/GrayCodeAI/sight/internal/review/prompt.go:186.19,187.12 1 1
github.com/GrayCodeAI/sight/internal/review/prompt.go:189.3,190.19 2 1
github.com/GrayCodeAI/sight/internal/review/prompt.go:190.19,192.4 1 1
github.com/GrayCodeAI/sight/internal/review/prompt.go:193.3,193.17 1 1
github.com/GrayCodeAI/sight/internal/review/prompt.go:193.17,195.4 1 1
github.com/GrayCodeAI/sight/internal/review/prompt.go:196.3,198.35 2 1
github.com/GrayCodeAI/sight/internal/review/prompt.go:198.35,206.36 3 1
github.com/GrayCodeAI/sight/internal/review/prompt.go:206.36,207.22 1 1
github.com/GrayCodeAI/sight/internal/review/prompt.go:208.25,209.71 1 1
github.com/GrayCodeAI/sight/internal/review/prompt.go:210.27,211.71 1 1
github.com/GrayCodeAI/sight/internal/review/prompt.go:214.4,218.36 3 1
github.com/GrayCodeAI/sight/internal/review/prompt.go:218.36,219.22 1 1
github.com/GrayCodeAI/sight/internal/review/prompt.go:220.27,221.71 1 1
github.com/GrayCodeAI/sight/internal/review/prompt.go:222.27,223.71 1 1
github.com/GrayCodeAI/sight/internal/review/prompt.go:226.4,226.23 1 1
github.com/GrayCodeAI/sight/internal/review/prompt.go:230.2,233.19 3 1
github.com/GrayCodeAI/sight/internal/review/reflect.go:47.72,52.29 4 1
github.com/GrayCodeAI/sight/internal/review/reflect.go:52.29,55.18 2 1
github.com/GrayCodeAI/sight/internal/review/reflect.go:55.18,57.4 1 1
github.com/GrayCodeAI/sight/internal/review/reflect.go:60.2,61.29 2 1
github.com/GrayCodeAI/sight/internal/review/reflect.go:61.29,64.3 2 1
github.com/GrayCodeAI/sight/internal/review/reflect.go:64.8,66.3 1 1
github.com/GrayCodeAI/sight/internal/review/reflect.go:67.2,69.19 2 1
github.com/GrayCodeAI/sight/internal/review/reflect.go:83.60,85.19 2 1
github.com/GrayCodeAI/sight/internal/review/reflect.go:85.19,87.3 1 1
github.com/GrayCodeAI/sight/internal/review/reflect.go:89.2,90.66 2 1
github.com/GrayCodeAI/sight/internal/review/reflect.go:90.66,92.3 1 0
github.com/GrayCodeAI/sight/internal/review/reflect.go:93.2,93.16 1 1
github.com/GrayCodeAI/sight/internal/review/reflect.go:97.81,99.2 1 1
github.com/GrayCodeAI/sight/internal/review/reflect.go:104.104,105.27 1 1
github.com/GrayCodeAI/sight/internal/review/reflect.go:105.27,107.3 1 1
github.com/GrayCodeAI/sight/internal/review/reflect.go:109.2,110.32 2 1
github.com/GrayCodeAI/sight/internal/review/reflect.go:110.32,112.3 1 1
github.com/GrayCodeAI/sight/internal/review/reflect.go:114.2,115.29 2 1
github.com/GrayCodeAI/sight/internal/review/reflect.go:115.29,117.14 2 1
github.com/GrayCodeAI/sight/internal/review/reflect.go:117.14,119.12 2 1
github.com/GrayCodeAI/sight/internal/review/reflect.go:122.3,122.19 1 1
github.com/GrayCodeAI/sight/internal/review/reflect.go:123.15,124.12 1 1
github.com/GrayCodeAI/sight/internal/review/reflect.go:125.17,127.23 2 1
github.com/GrayCodeAI/sight/internal/review/reflect.go:127.23,129.5 1 1
github.com/GrayCodeAI/sight/internal/review/reflect.go:131.4,131.57 1 1
github.com/GrayCodeAI/sight/internal/review/reflect.go:131.57,132.13 1 1
github.com/GrayCodeAI/sight/internal/review/reflect.go:134.4,134.30 1 1
github.com/GrayCodeAI/sight/internal/review/reflect.go:135.11,136.49 1 1
github.com/GrayCodeAI/sight/internal/review/reflect.go:136.49,138.5 1 1
github.com/GrayCodeAI/sight/internal/review/reflect.go:140.4,140.57 1 1
github.com/GrayCodeAI/sight/internal/review/reflect.go:140.57,141.13 1 1
github.com/GrayCodeAI/sight/internal/review/reflect.go:143.4,143.30 1 1
github.com/GrayCodeAI/sight/internal/review/reflect.go:147.2,147.15 1 1
github.com/GrayCodeAI/sight/internal/review/reflect.go:150.37,152.25 2 1
github.com/GrayCodeAI/sight/internal/review/reflect.go:152.25,154.3 1 1
github.com/GrayCodeAI/sight/internal/review/reflect.go:155.2,155.18 1 1
github.com/GrayCodeAI/sight/internal/review/reflect.go:158.42,160.36 2 1
github.com/GrayCodeAI/sight/internal/review/reflect.go:160.36,162.22 2 1
github.com/GrayCodeAI/sight/internal/review/reflect.go:162.22,164.17 2 1
github.com/GrayCodeAI/sight/internal/review/reflect.go:164.17,166.5 1 1
github.com/GrayCodeAI/sight/internal/review/reflect.go:169.2,171.46 3 1
github.com/GrayCodeAI/sight/internal/review/reflect.go:171.46,173.3 1 1
github.com/GrayCodeAI/sight/internal/review/reflect.go:174.2,174.25 1 1
github.com/GrayCodeAI/sight/internal/review/response.go:26.67,28.19 2 1
github.com/GrayCodeAI/sight/internal/review/response.go:28.19,31.3 1 1
github.com/GrayCodeAI/sight/internal/review/response.go:33.2,36.62 2 1
github.com/GrayCodeAI/sight/internal/review/response.go:36.62,39.63 2 0
github.com/GrayCodeAI/sight/internal/review/response.go:39.63,42.4 1 0
github.com/GrayCodeAI/sight/internal/review/response.go:45.2,46.24 2 1
github.com/GrayCodeAI/sight/internal/review/response.go:46.24,47.38 1 1
github.com/GrayCodeAI/sight/internal/review/response.go:47.38,48.12 1 1
github.com/GrayCodeAI/sight/internal/review/response.go:50.3,60.5 1 1
github.com/GrayCodeAI/sight/internal/review/response.go:63.2,63.17 1 1
github.com/GrayCodeAI/sight/internal/review/response.go:70.35,75.29 3 0
github.com/GrayCodeAI/sight/internal/review/response.go:75.29,77.39 2 0
github.com/GrayCodeAI/sight/internal/review/response.go:77.39,78.12 1 0
github.com/GrayCodeAI/sight/internal/review/response.go:80.3,80.34 1 0
github.com/GrayCodeAI/sight/internal/review/response.go:82.2,91.30 5 0
github.com/GrayCodeAI/sight/internal/review/response.go:91.30,93.14 2 0
github.com/GrayCodeAI/sight/internal/review/response.go:93.14,96.12 3 0
github.com/GrayCodeAI/sight/internal/review/response.go:98.3,98.29 1 0
github.com/GrayCodeAI/sight/internal/review/response.go:98.29,101.12 3 0
github.com/GrayCodeAI/sight/internal/review/response.go:103.3,103.16 1 0
github.com/GrayCodeAI/sight/internal/review/response.go:103.16,106.12 3 0
github.com/GrayCodeAI/sight/internal/review/response.go:108.3,108.29 1 0
github.com/GrayCodeAI/sight/internal/review/response.go:108.29,110.12 2 0
github.com/GrayCodeAI/sight/internal/review/response.go:112.3,112.23 1 0
github.com/GrayCodeAI/sight/internal/review/response.go:114.2,120.10 4 0
github.com/GrayCodeAI/sight/internal/review/response.go:125.67,137.22 9 1
github.com/GrayCodeAI/sight/internal/review/response.go:137.22,139.3 1 1
github.com/GrayCodeAI/sight/internal/review/response.go:141.2,142.31 2 0
github.com/GrayCodeAI/sight/internal/review/response.go:142.31,145.42 3 0
github.com/GrayCodeAI/sight/internal/review/response.go:145.42,146.12 1 0
github.com/GrayCodeAI/sight/internal/review/response.go:149.3,155.70 2 0
github.com/GrayCodeAI/sight/internal/review/response.go:155.70,157.4 1 0
github.com/GrayCodeAI/sight/internal/review/response.go:158.3,158.67 1 0
github.com/GrayCodeAI/sight/internal/review/response.go:158.67,160.4 1 0
github.com/GrayCodeAI/sight/internal/review/response.go:161.3,161.67 1 0
github.com/GrayCodeAI/sight/internal/review/response.go:161.67,163.4 1 0
github.com/GrayCodeAI/sight/internal/review/response.go:164.3,164.76 1 0
github.com/GrayCodeAI/sight/internal/review/response.go:164.76,166.4 1 0
github.com/GrayCodeAI/sight/internal/review/response.go:167.3,167.67 1 0
github.com/GrayCodeAI/sight/internal/review/response.go:167.67,169.4 1 0
github.com/GrayCodeAI/sight/internal/review/response.go:171.3,171.33 1 0
github.com/GrayCodeAI/sight/internal/review/response.go:174.2,174.17 1 0
github.com/GrayCodeAI/sight/internal/review/response.go:178.35,181.36 2 1
github.com/GrayCodeAI/sight/internal/review/response.go:181.36,183.22 2 1
github.com/GrayCodeAI/sight/internal/review/response.go:183.22,185.17 2 1
github.com/GrayCodeAI/sight/internal/review/response.go:185.17,187.5 1 1
github.com/GrayCodeAI/sight/internal/review/response.go:187.10,189.5 1 0
github.com/GrayCodeAI/sight/internal/review/response.go:191.8,191.39 1 1
github.com/GrayCodeAI/sight/internal/review/response.go:191.39,193.22 2 0
github.com/GrayCodeAI/sight/internal/review/response.go:193.22,195.51 2 0
github.com/GrayCodeAI/sight/internal/review/response.go:195.51,197.5 1 0
github.com/GrayCodeAI/sight/internal/review/response.go:198.4,199.17 2 0
github.com/GrayCodeAI/sight/internal/review/response.go:199.17,201.5 1 0
github.com/GrayCodeAI/sight/internal/review/response.go:201.10,203.5 1 0
github.com/GrayCodeAI/sight/internal/review/response.go:207.2,208.17 2 1
github.com/GrayCodeAI/sight/internal/review/response.go:208.17,210.3 1 1
github.com/GrayCodeAI/sight/internal/review/response.go:211.2,212.31 2 1
github.com/GrayCodeAI/sight/internal/review/response.go:212.31,214.3 1 0
github.com/GrayCodeAI/sight/internal/review/response.go:216.2,216.25 1 1
github.com/GrayCodeAI/sight/internal/review/response.go:219.39,220.47 1 1
github.com/GrayCodeAI/sight/internal/review/response.go:221.18,222.26 1 1
github.com/GrayCodeAI/sight/internal/review/response.go:223.14,224.22 1 1
github.com/GrayCodeAI/sight/internal/review/response.go:225.16,226.24 1 1
github.com/GrayCodeAI/sight/internal/review/response.go:227.13,228.21 1 1
github.com/GrayCodeAI/sight/internal/review/response.go:229.10,230.22 1 1
github.com/GrayCodeAI/sight/internal/output/output.go:43.61,50.26 6 1
github.com/GrayCodeAI/sight/internal/output/output.go:50.26,52.3 1 1
github.com/GrayCodeAI/sight/internal/output/output.go:53.2,56.24 3 1
github.com/GrayCodeAI/sight/internal/output/output.go:56.24,59.3 2 1
github.com/GrayCodeAI/sight/internal/output/output.go:61.2,63.29 3 1
github.com/GrayCodeAI/sight/internal/output/output.go:63.29,65.3 1 1
github.com/GrayCodeAI/sight/internal/output/output.go:67.2,67.28 1 1
github.com/GrayCodeAI/sight/internal/output/output.go:67.28,69.22 2 1
github.com/GrayCodeAI/sight/internal/output/output.go:69.22,70.12 1 1
github.com/GrayCodeAI/sight/internal/output/output.go:72.3,73.32 2 1
github.com/GrayCodeAI/sight/internal/output/output.go:73.32,75.4 1 1
github.com/GrayCodeAI/sight/internal/output/output.go:76.3,77.31 2 1
github.com/GrayCodeAI/sight/internal/output/output.go:77.31,79.4 1 1
github.com/GrayCodeAI/sight/internal/output/output.go:81.3,83.27 2 1
github.com/GrayCodeAI/sight/internal/output/output.go:83.27,85.18 2 1
github.com/GrayCodeAI/sight/internal/output/output.go:85.18,87.45 2 1
github.com/GrayCodeAI/sight/internal/output/output.go:87.45,89.6 1 0
github.com/GrayCodeAI/sight/internal/output/output.go:92.4,94.23 3 1
github.com/GrayCodeAI/sight/internal/output/output.go:94.23,96.5 1 1
github.com/GrayCodeAI/sight/internal/output/output.go:97.4,99.25 2 1
github.com/GrayCodeAI/sight/internal/output/output.go:99.25,101.5 1 1
github.com/GrayCodeAI/sight/internal/output/output.go:102.4,102.19 1 1
github.com/GrayCodeAI/sight/internal/output/output.go:102.19,104.5 1 1
github.com/GrayCodeAI/sight/internal/output/output.go:105.4,105.23 1 1
github.com/GrayCodeAI/sight/internal/output/output.go:109.2,113.28 4 1
github.com/GrayCodeAI/sight/internal/output/output.go:113.28,115.16 2 1
github.com/GrayCodeAI/sight/internal/output/output.go:115.16,118.4 2 1
github.com/GrayCodeAI/sight/internal/output/output.go:120.2,120.20 1 1
github.com/GrayCodeAI/sight/internal/output/output.go:120.20,122.3 1 1
github.com/GrayCodeAI/sight/internal/output/output.go:123.2,125.39 2 1
github.com/GrayCodeAI/sight/internal/output/output.go:125.39,127.49 2 1
github.com/GrayCodeAI/sight/internal/output/output.go:127.49,129.4 1 1
github.com/GrayCodeAI/sight/internal/output/output.go:130.3,130.92 1 1
github.com/GrayCodeAI/sight/internal/output/output.go:132.2,134.19 2 1
github.com/GrayCodeAI/sight/internal/output/output.go:138.53,140.16 2 1
github.com/GrayCodeAI/sight/internal/output/output.go:140.16,142.3 1 0
github.com/GrayCodeAI/sight/internal/output/output.go:143.2,143.25 1 1
github.com/GrayCodeAI/sight/internal/output/output.go:147.52,148.24 1 1
github.com/GrayCodeAI/sight/internal/output/output.go:148.24,150.3 1 1
github.com/GrayCodeAI/sight/internal/output/output.go:152.2,155.29 3 1
github.com/GrayCodeAI/sight/internal/output/output.go:155.29,157.38 2 1
github.com/GrayCodeAI/sight/internal/output/output.go:157.38,159.4 1 1
github.com/GrayCodeAI/sight/internal/output/output.go:160.3,161.17 2 1
github.com/GrayCodeAI/sight/internal/output/output.go:161.17,163.4 1 1
github.com/GrayCodeAI/sight/internal/output/output.go:164.3,165.18 2 1
github.com/GrayCodeAI/sight/internal/output/output.go:165.18,167.4 1 1
github.com/GrayCodeAI/sight/internal/output/output.go:170.2,170.19 1 1
github.com/GrayCodeAI/sight/internal/output/sarif.go:101.54,105.29 3 1
github.com/GrayCodeAI/sight/internal/output/sarif.go:105.29,112.19 2 1
github.com/GrayCodeAI/sight/internal/output/sarif.go:112.19,118.18 2 1
github.com/GrayCodeAI/sight/internal/output/sarif.go:118.18,123.49 2 1
github.com/GrayCodeAI/sight/internal/output/sarif.go:123.49,125.6 1 1
github.com/GrayCodeAI/sight/internal/output/sarif.go:127.4,127.52 1 1
github.com/GrayCodeAI/sight/internal/output/sarif.go:130.3,130.18 1 1
github.com/GrayCodeAI/sight/internal/output/sarif.go:130.18,134.4 1 1
github.com/GrayCodeAI/sight/internal/output/sarif.go:136.3,136.18 1 1
github.com/GrayCodeAI/sight/internal/output/sarif.go:136.18,141.4 1 1
github.com/GrayCodeAI/sight/internal/output/sarif.go:143.3,143.36 1 1
github.com/GrayCodeAI/sight/internal/output/sarif.go:146.2,165.16 3 1
github.com/GrayCodeAI/sight/internal/output/sarif.go:165.16,167.3 1 0
github.com/GrayCodeAI/sight/internal/output/sarif.go:168.2,168.25 1 1
github.com/GrayCodeAI/sight/internal/output/sarif.go:171.54,175.29 3 1
github.com/GrayCodeAI/sight/internal/output/sarif.go:175.29,177.15 2 1
github.com/GrayCodeAI/sight/internal/output/sarif.go:177.15,178.12 1 1
github.com/GrayCodeAI/sight/internal/output/sarif.go:180.3,186.5 2 1
github.com/GrayCodeAI/sight/internal/output/sarif.go:188.2,188.14 1 1
github.com/GrayCodeAI/sight/internal/output/sarif.go:191.38,192.9 1 1
github.com/GrayCodeAI/sight/internal/output/sarif.go:193.21,194.17 1 1
github.com/GrayCodeAI/sight/internal/output/sarif.go:195.21,196.19 1 1
github.com/GrayCodeAI/sight/internal/output/sarif.go:197.10,198.16 1 1
